{"E:\\Ongoing Pro Projects\\Product Price barCode Sync\\app\\static\\js\\api.js": {"path":"E:\\Ongoing Pro Projects\\Product Price barCode Sync\\app\\static\\js\\api.js","statementMap":{"0":{"start":{"line":8,"column":13},"end":{"line":8,"column":31}},"1":{"start":{"line":9,"column":24},"end":{"line":9,"column":43}},"2":{"start":{"line":12,"column":18},"end":{"line":12,"column":45}},"3":{"start":{"line":13,"column":4},"end":{"line":14,"column":52}},"4":{"start":{"line":13,"column":15},"end":{"line":13,"column":62}},"5":{"start":{"line":14,"column":9},"end":{"line":14,"column":52}},"6":{"start":{"line":18,"column":4},"end":{"line":18,"column":60}},"7":{"start":{"line":22,"column":19},"end":{"line":22,"column":58}},"8":{"start":{"line":23,"column":4},"end":{"line":23,"column":49}},"9":{"start":{"line":27,"column":38},"end":{"line":27,"column":45}},"10":{"start":{"line":28,"column":16},"end":{"line":35,"column":6}},"11":{"start":{"line":37,"column":4},"end":{"line":41,"column":5}},"12":{"start":{"line":38,"column":8},"end":{"line":38,"column":32}},"13":{"start":{"line":40,"column":8},"end":{"line":40,"column":18}},"14":{"start":{"line":42,"column":4},"end":{"line":44,"column":5}},"15":{"start":{"line":43,"column":8},"end":{"line":43,"column":61}},"16":{"start":{"line":45,"column":4},"end":{"line":45,"column":16}},"17":{"start":{"line":51,"column":4},"end":{"line":51,"column":39}},"18":{"start":{"line":55,"column":4},"end":{"line":55,"column":39}},"19":{"start":{"line":61,"column":4},"end":{"line":61,"column":40}},"20":{"start":{"line":67,"column":4},"end":{"line":67,"column":40}},"21":{"start":{"line":71,"column":4},"end":{"line":71,"column":72}},"22":{"start":{"line":75,"column":4},"end":{"line":75,"column":62}},"23":{"start":{"line":81,"column":4},"end":{"line":81,"column":63}},"24":{"start":{"line":85,"column":4},"end":{"line":85,"column":62}},"25":{"start":{"line":89,"column":4},"end":{"line":89,"column":92}},"26":{"start":{"line":95,"column":4},"end":{"line":95,"column":41}},"27":{"start":{"line":99,"column":4},"end":{"line":102,"column":7}},"28":{"start":{"line":106,"column":4},"end":{"line":106,"column":76}},"29":{"start":{"line":110,"column":4},"end":{"line":110,"column":77}},"30":{"start":{"line":116,"column":16},"end":{"line":118,"column":6}},"31":{"start":{"line":119,"column":4},"end":{"line":122,"column":5}},"32":{"start":{"line":120,"column":21},"end":{"line":120,"column":55}},"33":{"start":{"line":120,"column":51},"end":{"line":120,"column":53}},"34":{"start":{"line":121,"column":8},"end":{"line":121,"column":61}},"35":{"start":{"line":123,"column":4},"end":{"line":123,"column":22}},"36":{"start":{"line":127,"column":16},"end":{"line":130,"column":6}},"37":{"start":{"line":131,"column":4},"end":{"line":134,"column":5}},"38":{"start":{"line":132,"column":21},"end":{"line":132,"column":55}},"39":{"start":{"line":132,"column":51},"end":{"line":132,"column":53}},"40":{"start":{"line":133,"column":8},"end":{"line":133,"column":61}},"41":{"start":{"line":135,"column":4},"end":{"line":135,"column":72}},"42":{"start":{"line":135,"column":19},"end":{"line":135,"column":72}},"43":{"start":{"line":136,"column":4},"end":{"line":136,"column":20}},"44":{"start":{"line":142,"column":15},"end":{"line":142,"column":36}},"45":{"start":{"line":143,"column":4},"end":{"line":143,"column":39}},"46":{"start":{"line":144,"column":4},"end":{"line":144,"column":43}},"47":{"start":{"line":145,"column":4},"end":{"line":145,"column":70}},"48":{"start":{"line":145,"column":28},"end":{"line":145,"column":70}},"49":{"start":{"line":146,"column":18},"end":{"line":146,"column":31}},"50":{"start":{"line":147,"column":4},"end":{"line":147,"column":60}},"51":{"start":{"line":153,"column":4},"end":{"line":156,"column":7}}},"fnMap":{"0":{"name":"setApiKey","decl":{"start":{"line":11,"column":16},"end":{"line":11,"column":25}},"loc":{"start":{"line":11,"column":34},"end":{"line":15,"column":1}},"line":11},"1":{"name":"hasApiKey","decl":{"start":{"line":17,"column":16},"end":{"line":17,"column":25}},"loc":{"start":{"line":17,"column":28},"end":{"line":19,"column":1}},"line":17},"2":{"name":"getAuthHeaders","decl":{"start":{"line":21,"column":16},"end":{"line":21,"column":30}},"loc":{"start":{"line":21,"column":33},"end":{"line":24,"column":1}},"line":21},"3":{"name":"fetchJSON","decl":{"start":{"line":26,"column":15},"end":{"line":26,"column":24}},"loc":{"start":{"line":26,"column":44},"end":{"line":46,"column":1}},"line":26},"4":{"name":"getStatus","decl":{"start":{"line":50,"column":16},"end":{"line":50,"column":25}},"loc":{"start":{"line":50,"column":28},"end":{"line":52,"column":1}},"line":50},"5":{"name":"getHealth","decl":{"start":{"line":54,"column":16},"end":{"line":54,"column":25}},"loc":{"start":{"line":54,"column":28},"end":{"line":56,"column":1}},"line":54},"6":{"name":"getOutlets","decl":{"start":{"line":60,"column":16},"end":{"line":60,"column":26}},"loc":{"start":{"line":60,"column":29},"end":{"line":62,"column":1}},"line":60},"7":{"name":"getRetries","decl":{"start":{"line":66,"column":16},"end":{"line":66,"column":26}},"loc":{"start":{"line":66,"column":29},"end":{"line":68,"column":1}},"line":66},"8":{"name":"processRetries","decl":{"start":{"line":70,"column":16},"end":{"line":70,"column":30}},"loc":{"start":{"line":70,"column":33},"end":{"line":72,"column":1}},"line":70},"9":{"name":"clearRetries","decl":{"start":{"line":74,"column":16},"end":{"line":74,"column":28}},"loc":{"start":{"line":74,"column":31},"end":{"line":76,"column":1}},"line":74},"10":{"name":"startSync","decl":{"start":{"line":80,"column":16},"end":{"line":80,"column":25}},"loc":{"start":{"line":80,"column":28},"end":{"line":82,"column":1}},"line":80},"11":{"name":"stopSync","decl":{"start":{"line":84,"column":16},"end":{"line":84,"column":24}},"loc":{"start":{"line":84,"column":27},"end":{"line":86,"column":1}},"line":84},"12":{"name":"syncOutlet","decl":{"start":{"line":88,"column":16},"end":{"line":88,"column":26}},"loc":{"start":{"line":88,"column":33},"end":{"line":90,"column":1}},"line":88},"13":{"name":"getSettings","decl":{"start":{"line":94,"column":16},"end":{"line":94,"column":27}},"loc":{"start":{"line":94,"column":30},"end":{"line":96,"column":1}},"line":94},"14":{"name":"applySchedule","decl":{"start":{"line":98,"column":16},"end":{"line":98,"column":29}},"loc":{"start":{"line":98,"column":36},"end":{"line":103,"column":1}},"line":98},"15":{"name":"pauseSchedule","decl":{"start":{"line":105,"column":16},"end":{"line":105,"column":29}},"loc":{"start":{"line":105,"column":32},"end":{"line":107,"column":1}},"line":105},"16":{"name":"resumeSchedule","decl":{"start":{"line":109,"column":16},"end":{"line":109,"column":30}},"loc":{"start":{"line":109,"column":33},"end":{"line":111,"column":1}},"line":109},"17":{"name":"getLogs","decl":{"start":{"line":115,"column":22},"end":{"line":115,"column":29}},"loc":{"start":{"line":115,"column":36},"end":{"line":124,"column":1}},"line":115},"18":{"name":"(anonymous_18)","decl":{"start":{"line":120,"column":44},"end":{"line":120,"column":45}},"loc":{"start":{"line":120,"column":51},"end":{"line":120,"column":53}},"line":120},"19":{"name":"openLogStream","decl":{"start":{"line":126,"column":22},"end":{"line":126,"column":35}},"loc":{"start":{"line":126,"column":44},"end":{"line":137,"column":1}},"line":126},"20":{"name":"(anonymous_20)","decl":{"start":{"line":132,"column":44},"end":{"line":132,"column":45}},"loc":{"start":{"line":132,"column":51},"end":{"line":132,"column":53}},"line":132},"21":{"name":"getPriceChanges","decl":{"start":{"line":141,"column":16},"end":{"line":141,"column":31}},"loc":{"start":{"line":141,"column":45},"end":{"line":148,"column":1}},"line":141},"22":{"name":"triggerCleanup","decl":{"start":{"line":152,"column":16},"end":{"line":152,"column":30}},"loc":{"start":{"line":152,"column":42},"end":{"line":157,"column":1}},"line":152}},"branchMap":{"0":{"loc":{"start":{"line":12,"column":25},"end":{"line":12,"column":37}},"type":"binary-expr","locations":[{"start":{"line":12,"column":25},"end":{"line":12,"column":31}},{"start":{"line":12,"column":35},"end":{"line":12,"column":37}}],"line":12},"1":{"loc":{"start":{"line":13,"column":4},"end":{"line":14,"column":52}},"type":"if","locations":[{"start":{"line":13,"column":4},"end":{"line":14,"column":52}},{"start":{"line":14,"column":9},"end":{"line":14,"column":52}}],"line":13},"2":{"loc":{"start":{"line":23,"column":11},"end":{"line":23,"column":48}},"type":"cond-expr","locations":[{"start":{"line":23,"column":20},"end":{"line":23,"column":43}},{"start":{"line":23,"column":46},"end":{"line":23,"column":48}}],"line":23},"3":{"loc":{"start":{"line":26,"column":30},"end":{"line":26,"column":42}},"type":"default-arg","locations":[{"start":{"line":26,"column":40},"end":{"line":26,"column":42}}],"line":26},"4":{"loc":{"start":{"line":27,"column":12},"end":{"line":27,"column":24}},"type":"default-arg","locations":[{"start":{"line":27,"column":22},"end":{"line":27,"column":24}}],"line":27},"5":{"loc":{"start":{"line":42,"column":4},"end":{"line":44,"column":5}},"type":"if","locations":[{"start":{"line":42,"column":4},"end":{"line":44,"column":5}},{"start":{},"end":{}}],"line":42},"6":{"loc":{"start":{"line":43,"column":24},"end":{"line":43,"column":59}},"type":"binary-expr","locations":[{"start":{"line":43,"column":24},"end":{"line":43,"column":35}},{"start":{"line":43,"column":39},"end":{"line":43,"column":59}}],"line":43},"7":{"loc":{"start":{"line":119,"column":4},"end":{"line":122,"column":5}},"type":"if","locations":[{"start":{"line":119,"column":4},"end":{"line":122,"column":5}},{"start":{},"end":{}}],"line":119},"8":{"loc":{"start":{"line":121,"column":24},"end":{"line":121,"column":59}},"type":"binary-expr","locations":[{"start":{"line":121,"column":24},"end":{"line":121,"column":35}},{"start":{"line":121,"column":39},"end":{"line":121,"column":59}}],"line":121},"9":{"loc":{"start":{"line":131,"column":4},"end":{"line":134,"column":5}},"type":"if","locations":[{"start":{"line":131,"column":4},"end":{"line":134,"column":5}},{"start":{},"end":{}}],"line":131},"10":{"loc":{"start":{"line":133,"column":24},"end":{"line":133,"column":59}},"type":"binary-expr","locations":[{"start":{"line":133,"column":24},"end":{"line":133,"column":35}},{"start":{"line":133,"column":39},"end":{"line":133,"column":59}}],"line":133},"11":{"loc":{"start":{"line":135,"column":4},"end":{"line":135,"column":72}},"type":"if","locations":[{"start":{"line":135,"column":4},"end":{"line":135,"column":72}},{"start":{},"end":{}}],"line":135},"12":{"loc":{"start":{"line":141,"column":32},"end":{"line":141,"column":43}},"type":"default-arg","locations":[{"start":{"line":141,"column":41},"end":{"line":141,"column":43}}],"line":141},"13":{"loc":{"start":{"line":143,"column":19},"end":{"line":143,"column":37}},"type":"binary-expr","locations":[{"start":{"line":143,"column":19},"end":{"line":143,"column":30}},{"start":{"line":143,"column":34},"end":{"line":143,"column":37}}],"line":143},"14":{"loc":{"start":{"line":144,"column":20},"end":{"line":144,"column":41}},"type":"binary-expr","locations":[{"start":{"line":144,"column":20},"end":{"line":144,"column":32}},{"start":{"line":144,"column":36},"end":{"line":144,"column":41}}],"line":144},"15":{"loc":{"start":{"line":145,"column":4},"end":{"line":145,"column":70}},"type":"if","locations":[{"start":{"line":145,"column":4},"end":{"line":145,"column":70}},{"start":{},"end":{}}],"line":145},"16":{"loc":{"start":{"line":152,"column":31},"end":{"line":152,"column":40}},"type":"default-arg","locations":[{"start":{"line":152,"column":38},"end":{"line":152,"column":40}}],"line":152}},"s":{"0":1,"1":1,"2":1,"3":1,"4":1,"5":0,"6":0,"7":22,"8":22,"9":19,"10":19,"11":18,"12":18,"13":1,"14":18,"15":2,"16":16,"17":4,"18":0,"19":0,"20":1,"21":1,"22":1,"23":1,"24":1,"25":2,"26":0,"27":1,"28":1,"29":1,"30":3,"31":3,"32":1,"33":0,"34":1,"35":2,"36":0,"37":0,"38":0,"39":0,"40":0,"41":0,"42":0,"43":0,"44":3,"45":3,"46":3,"47":3,"48":1,"49":3,"50":3,"51":2},"f":{"0":1,"1":0,"2":22,"3":19,"4":4,"5":0,"6":0,"7":1,"8":1,"9":1,"10":1,"11":1,"12":2,"13":0,"14":1,"15":1,"16":1,"17":3,"18":0,"19":0,"20":0,"21":3,"22":2},"b":{"0":[1,0],"1":[1,0],"2":[1,21],"3":[8],"4":[19],"5":[2,16],"6":[2,1],"7":[1,2],"8":[1,0],"9":[0,0],"10":[0,0],"11":[0,0],"12":[1],"13":[3,1],"14":[3,2],"15":[1,2],"16":[1]},"_coverageSchema":"1a1c01bbd47fc00a2c39e90264f33305004495a9","hash":"ae7b10e042042451d56628099adc3b81a57dcd52"}
,"E:\\Ongoing Pro Projects\\Product Price barCode Sync\\app\\static\\js\\app.js": {"path":"E:\\Ongoing Pro Projects\\Product Price barCode Sync\\app\\static\\js\\app.js","statementMap":{"0":{"start":{"line":33,"column":19},"end":{"line":33,"column":23}},"1":{"start":{"line":36,"column":4},"end":{"line":41,"column":5}},"2":{"start":{"line":37,"column":8},"end":{"line":37,"column":26}},"3":{"start":{"line":38,"column":8},"end":{"line":38,"column":51}},"4":{"start":{"line":40,"column":8},"end":{"line":40,"column":64}},"5":{"start":{"line":45,"column":4},"end":{"line":50,"column":5}},"6":{"start":{"line":46,"column":21},"end":{"line":46,"column":37}},"7":{"start":{"line":47,"column":8},"end":{"line":47,"column":81}},"8":{"start":{"line":49,"column":8},"end":{"line":49,"column":63}},"9":{"start":{"line":54,"column":18},"end":{"line":54,"column":56}},"10":{"start":{"line":55,"column":19},"end":{"line":55,"column":56}},"11":{"start":{"line":56,"column":4},"end":{"line":56,"column":40}},"12":{"start":{"line":57,"column":4},"end":{"line":57,"column":99}},"13":{"start":{"line":57,"column":16},"end":{"line":57,"column":99}},"14":{"start":{"line":58,"column":4},"end":{"line":58,"column":20}},"15":{"start":{"line":59,"column":4},"end":{"line":59,"column":21}},"16":{"start":{"line":60,"column":4},"end":{"line":60,"column":21}},"17":{"start":{"line":61,"column":4},"end":{"line":61,"column":26}},"18":{"start":{"line":62,"column":4},"end":{"line":62,"column":22}},"19":{"start":{"line":69,"column":4},"end":{"line":69,"column":20}},"20":{"start":{"line":70,"column":4},"end":{"line":70,"column":21}},"21":{"start":{"line":71,"column":4},"end":{"line":71,"column":21}},"22":{"start":{"line":72,"column":4},"end":{"line":72,"column":26}},"23":{"start":{"line":75,"column":4},"end":{"line":75,"column":21}},"24":{"start":{"line":78,"column":4},"end":{"line":83,"column":13}},"25":{"start":{"line":79,"column":8},"end":{"line":79,"column":24}},"26":{"start":{"line":80,"column":8},"end":{"line":80,"column":25}},"27":{"start":{"line":81,"column":8},"end":{"line":81,"column":25}},"28":{"start":{"line":82,"column":8},"end":{"line":82,"column":30}},"29":{"start":{"line":88,"column":0},"end":{"line":109,"column":3}},"30":{"start":{"line":90,"column":4},"end":{"line":90,"column":17}},"31":{"start":{"line":91,"column":4},"end":{"line":91,"column":18}},"32":{"start":{"line":92,"column":4},"end":{"line":92,"column":18}},"33":{"start":{"line":93,"column":4},"end":{"line":93,"column":19}},"34":{"start":{"line":94,"column":4},"end":{"line":94,"column":15}},"35":{"start":{"line":95,"column":4},"end":{"line":95,"column":23}},"36":{"start":{"line":96,"column":4},"end":{"line":96,"column":18}},"37":{"start":{"line":98,"column":4},"end":{"line":98,"column":88}},"38":{"start":{"line":99,"column":4},"end":{"line":99,"column":86}},"39":{"start":{"line":100,"column":4},"end":{"line":100,"column":84}},"40":{"start":{"line":101,"column":4},"end":{"line":103,"column":7}},"41":{"start":{"line":102,"column":8},"end":{"line":102,"column":48}},"42":{"start":{"line":102,"column":35},"end":{"line":102,"column":48}},"43":{"start":{"line":104,"column":23},"end":{"line":104,"column":60}},"44":{"start":{"line":105,"column":4},"end":{"line":105,"column":86}},"45":{"start":{"line":105,"column":35},"end":{"line":105,"column":86}},"46":{"start":{"line":108,"column":4},"end":{"line":108,"column":19}}},"fnMap":{"0":{"name":"handleStartSync","decl":{"start":{"line":35,"column":15},"end":{"line":35,"column":30}},"loc":{"start":{"line":35,"column":33},"end":{"line":42,"column":1}},"line":35},"1":{"name":"handleStopSync","decl":{"start":{"line":44,"column":15},"end":{"line":44,"column":29}},"loc":{"start":{"line":44,"column":32},"end":{"line":51,"column":1}},"line":44},"2":{"name":"connectApi","decl":{"start":{"line":53,"column":9},"end":{"line":53,"column":19}},"loc":{"start":{"line":53,"column":22},"end":{"line":63,"column":1}},"line":53},"3":{"name":"startPolling","decl":{"start":{"line":67,"column":9},"end":{"line":67,"column":21}},"loc":{"start":{"line":67,"column":24},"end":{"line":84,"column":1}},"line":67},"4":{"name":"(anonymous_4)","decl":{"start":{"line":78,"column":31},"end":{"line":78,"column":32}},"loc":{"start":{"line":78,"column":37},"end":{"line":83,"column":5}},"line":78},"5":{"name":"(anonymous_5)","decl":{"start":{"line":88,"column":46},"end":{"line":88,"column":47}},"loc":{"start":{"line":88,"column":52},"end":{"line":109,"column":1}},"line":88},"6":{"name":"(anonymous_6)","decl":{"start":{"line":101,"column":72},"end":{"line":101,"column":73}},"loc":{"start":{"line":101,"column":81},"end":{"line":103,"column":5}},"line":101}},"branchMap":{"0":{"loc":{"start":{"line":40,"column":18},"end":{"line":40,"column":53}},"type":"binary-expr","locations":[{"start":{"line":40,"column":18},"end":{"line":40,"column":27}},{"start":{"line":40,"column":31},"end":{"line":40,"column":53}}],"line":40},"1":{"loc":{"start":{"line":47,"column":32},"end":{"line":47,"column":79}},"type":"cond-expr","locations":[{"start":{"line":47,"column":61},"end":{"line":47,"column":67}},{"start":{"line":47,"column":70},"end":{"line":47,"column":79}}],"line":47},"2":{"loc":{"start":{"line":49,"column":18},"end":{"line":49,"column":52}},"type":"binary-expr","locations":[{"start":{"line":49,"column":18},"end":{"line":49,"column":27}},{"start":{"line":49,"column":31},"end":{"line":49,"column":52}}],"line":49},"3":{"loc":{"start":{"line":56,"column":14},"end":{"line":56,"column":38}},"type":"cond-expr","locations":[{"start":{"line":56,"column":22},"end":{"line":56,"column":33}},{"start":{"line":56,"column":36},"end":{"line":56,"column":38}}],"line":56},"4":{"loc":{"start":{"line":57,"column":4},"end":{"line":57,"column":99}},"type":"if","locations":[{"start":{"line":57,"column":4},"end":{"line":57,"column":99}},{"start":{},"end":{}}],"line":57},"5":{"loc":{"start":{"line":57,"column":37},"end":{"line":57,"column":98}},"type":"cond-expr","locations":[{"start":{"line":57,"column":51},"end":{"line":57,"column":76}},{"start":{"line":57,"column":79},"end":{"line":57,"column":98}}],"line":57},"6":{"loc":{"start":{"line":102,"column":8},"end":{"line":102,"column":48}},"type":"if","locations":[{"start":{"line":102,"column":8},"end":{"line":102,"column":48}},{"start":{},"end":{}}],"line":102},"7":{"loc":{"start":{"line":105,"column":4},"end":{"line":105,"column":86}},"type":"if","locations":[{"start":{"line":105,"column":4},"end":{"line":105,"column":86}},{"start":{},"end":{}}],"line":105},"8":{"loc":{"start":{"line":105,"column":8},"end":{"line":105,"column":33}},"type":"binary-expr","locations":[{"start":{"line":105,"column":8},"end":{"line":105,"column":18}},{"start":{"line":105,"column":22},"end":{"line":105,"column":33}}],"line":105}},"s":{"0":1,"1":1,"2":1,"3":1,"4":0,"5":0,"6":0,"7":0,"8":0,"9":0,"10":0,"11":0,"12":0,"13":0,"14":0,"15":0,"16":0,"17":0,"18":0,"19":1,"20":1,"21":1,"22":1,"23":1,"24":1,"25":0,"26":0,"27":0,"28":0,"29":1,"30":1,"31":1,"32":1,"33":1,"34":1,"35":1,"36":1,"37":1,"38":1,"39":1,"40":1,"41":0,"42":0,"43":1,"44":1,"45":0,"46":1},"f":{"0":1,"1":0,"2":0,"3":1,"4":0,"5":1,"6":0},"b":{"0":[0,0],"1":[0,0],"2":[0,0],"3":[0,0],"4":[0,0],"5":[0,0],"6":[0,0],"7":[0,1],"8":[1,1]},"_coverageSchema":"1a1c01bbd47fc00a2c39e90264f33305004495a9","hash":"381b4ec5d7e4e885aa9530fa104cb793d6ed7f07"}
,"E:\\Ongoing Pro Projects\\Product Price barCode Sync\\app\\static\\js\\utils.js": {"path":"E:\\Ongoing Pro Projects\\Product Price barCode Sync\\app\\static\\js\\utils.js","statementMap":{"0":{"start":{"line":7,"column":18},"end":{"line":7,"column":50}},"1":{"start":{"line":8,"column":4},"end":{"line":8,"column":23}},"2":{"start":{"line":8,"column":16},"end":{"line":8,"column":23}},"3":{"start":{"line":9,"column":4},"end":{"line":9,"column":49}},"4":{"start":{"line":10,"column":4},"end":{"line":10,"column":32}},"5":{"start":{"line":11,"column":4},"end":{"line":11,"column":59}},"6":{"start":{"line":11,"column":21},"end":{"line":11,"column":51}},"7":{"start":{"line":16,"column":4},"end":{"line":16,"column":36}},"8":{"start":{"line":16,"column":25},"end":{"line":16,"column":36}},"9":{"start":{"line":17,"column":4},"end":{"line":17,"column":54}},"10":{"start":{"line":17,"column":22},"end":{"line":17,"column":54}},"11":{"start":{"line":18,"column":4},"end":{"line":18,"column":71}},"12":{"start":{"line":23,"column":4},"end":{"line":23,"column":28}},"13":{"start":{"line":23,"column":17},"end":{"line":23,"column":28}},"14":{"start":{"line":24,"column":14},"end":{"line":24,"column":30}},"15":{"start":{"line":25,"column":4},"end":{"line":25,"column":34}},"16":{"start":{"line":30,"column":4},"end":{"line":30,"column":28}},"17":{"start":{"line":30,"column":17},"end":{"line":30,"column":28}},"18":{"start":{"line":31,"column":14},"end":{"line":31,"column":30}},"19":{"start":{"line":32,"column":4},"end":{"line":32,"column":30}},"20":{"start":{"line":37,"column":4},"end":{"line":37,"column":25}},"21":{"start":{"line":37,"column":14},"end":{"line":37,"column":25}},"22":{"start":{"line":38,"column":4},"end":{"line":38,"column":66}},"23":{"start":{"line":42,"column":24},"end":{"line":42,"column":28}},"24":{"start":{"line":43,"column":25},"end":{"line":43,"column":29}},"25":{"start":{"line":46,"column":4},"end":{"line":46,"column":57}},"26":{"start":{"line":50,"column":4},"end":{"line":50,"column":62}},"27":{"start":{"line":50,"column":28},"end":{"line":50,"column":62}},"28":{"start":{"line":51,"column":4},"end":{"line":53,"column":13}},"29":{"start":{"line":52,"column":8},"end":{"line":52,"column":39}},"30":{"start":{"line":54,"column":4},"end":{"line":54,"column":35}},"31":{"start":{"line":58,"column":15},"end":{"line":58,"column":44}},"32":{"start":{"line":59,"column":18},"end":{"line":59,"column":67}},"33":{"start":{"line":60,"column":4},"end":{"line":60,"column":20}},"34":{"start":{"line":60,"column":13},"end":{"line":60,"column":20}},"35":{"start":{"line":62,"column":4},"end":{"line":66,"column":5}},"36":{"start":{"line":63,"column":8},"end":{"line":63,"column":30}},"37":{"start":{"line":64,"column":8},"end":{"line":64,"column":55}},"38":{"start":{"line":64,"column":19},"end":{"line":64,"column":55}},"39":{"start":{"line":65,"column":8},"end":{"line":65,"column":15}},"40":{"start":{"line":68,"column":16},"end":{"line":68,"column":26}},"41":{"start":{"line":69,"column":17},"end":{"line":69,"column":40}},"42":{"start":{"line":71,"column":4},"end":{"line":75,"column":5}},"43":{"start":{"line":72,"column":8},"end":{"line":72,"column":39}},"44":{"start":{"line":73,"column":8},"end":{"line":73,"column":83}},"45":{"start":{"line":73,"column":19},"end":{"line":73,"column":83}},"46":{"start":{"line":74,"column":8},"end":{"line":74,"column":15}},"47":{"start":{"line":77,"column":16},"end":{"line":77,"column":42}},"48":{"start":{"line":78,"column":17},"end":{"line":78,"column":53}},"49":{"start":{"line":79,"column":17},"end":{"line":79,"column":50}},"50":{"start":{"line":81,"column":18},"end":{"line":81,"column":20}},"51":{"start":{"line":82,"column":4},"end":{"line":82,"column":39}},"52":{"start":{"line":82,"column":17},"end":{"line":82,"column":39}},"53":{"start":{"line":83,"column":4},"end":{"line":83,"column":52}},"54":{"start":{"line":83,"column":29},"end":{"line":83,"column":52}},"55":{"start":{"line":84,"column":4},"end":{"line":84,"column":26}},"56":{"start":{"line":86,"column":4},"end":{"line":86,"column":29}},"57":{"start":{"line":87,"column":4},"end":{"line":87,"column":79}},"58":{"start":{"line":87,"column":15},"end":{"line":87,"column":79}}},"fnMap":{"0":{"name":"showToast","decl":{"start":{"line":6,"column":16},"end":{"line":6,"column":25}},"loc":{"start":{"line":6,"column":50},"end":{"line":12,"column":1}},"line":6},"1":{"name":"(anonymous_1)","decl":{"start":{"line":11,"column":15},"end":{"line":11,"column":16}},"loc":{"start":{"line":11,"column":21},"end":{"line":11,"column":51}},"line":11},"2":{"name":"formatDuration","decl":{"start":{"line":15,"column":16},"end":{"line":15,"column":30}},"loc":{"start":{"line":15,"column":40},"end":{"line":19,"column":1}},"line":15},"3":{"name":"formatTime","decl":{"start":{"line":22,"column":16},"end":{"line":22,"column":26}},"loc":{"start":{"line":22,"column":35},"end":{"line":26,"column":1}},"line":22},"4":{"name":"formatDateTime","decl":{"start":{"line":29,"column":16},"end":{"line":29,"column":30}},"loc":{"start":{"line":29,"column":39},"end":{"line":33,"column":1}},"line":29},"5":{"name":"truncate","decl":{"start":{"line":36,"column":16},"end":{"line":36,"column":24}},"loc":{"start":{"line":36,"column":40},"end":{"line":39,"column":1}},"line":36},"6":{"name":"setNextRunTimestamp","decl":{"start":{"line":45,"column":16},"end":{"line":45,"column":35}},"loc":{"start":{"line":45,"column":44},"end":{"line":47,"column":1}},"line":45},"7":{"name":"startCountdown","decl":{"start":{"line":49,"column":16},"end":{"line":49,"column":30}},"loc":{"start":{"line":49,"column":83},"end":{"line":55,"column":1}},"line":49},"8":{"name":"(anonymous_8)","decl":{"start":{"line":51,"column":37},"end":{"line":51,"column":38}},"loc":{"start":{"line":51,"column":43},"end":{"line":53,"column":5}},"line":51},"9":{"name":"updateCountdown","decl":{"start":{"line":57,"column":9},"end":{"line":57,"column":24}},"loc":{"start":{"line":57,"column":40},"end":{"line":88,"column":1}},"line":57}},"branchMap":{"0":{"loc":{"start":{"line":6,"column":35},"end":{"line":6,"column":48}},"type":"default-arg","locations":[{"start":{"line":6,"column":42},"end":{"line":6,"column":48}}],"line":6},"1":{"loc":{"start":{"line":8,"column":4},"end":{"line":8,"column":23}},"type":"if","locations":[{"start":{"line":8,"column":4},"end":{"line":8,"column":23}},{"start":{},"end":{}}],"line":8},"2":{"loc":{"start":{"line":16,"column":4},"end":{"line":16,"column":36}},"type":"if","locations":[{"start":{"line":16,"column":4},"end":{"line":16,"column":36}},{"start":{},"end":{}}],"line":16},"3":{"loc":{"start":{"line":17,"column":4},"end":{"line":17,"column":54}},"type":"if","locations":[{"start":{"line":17,"column":4},"end":{"line":17,"column":54}},{"start":{},"end":{}}],"line":17},"4":{"loc":{"start":{"line":23,"column":4},"end":{"line":23,"column":28}},"type":"if","locations":[{"start":{"line":23,"column":4},"end":{"line":23,"column":28}},{"start":{},"end":{}}],"line":23},"5":{"loc":{"start":{"line":30,"column":4},"end":{"line":30,"column":28}},"type":"if","locations":[{"start":{"line":30,"column":4},"end":{"line":30,"column":28}},{"start":{},"end":{}}],"line":30},"6":{"loc":{"start":{"line":36,"column":30},"end":{"line":36,"column":38}},"type":"default-arg","locations":[{"start":{"line":36,"column":36},"end":{"line":36,"column":38}}],"line":36},"7":{"loc":{"start":{"line":37,"column":4},"end":{"line":37,"column":25}},"type":"if","locations":[{"start":{"line":37,"column":4},"end":{"line":37,"column":25}},{"start":{},"end":{}}],"line":37},"8":{"loc":{"start":{"line":38,"column":11},"end":{"line":38,"column":65}},"type":"cond-expr","locations":[{"start":{"line":38,"column":30},"end":{"line":38,"column":59}},{"start":{"line":38,"column":62},"end":{"line":38,"column":65}}],"line":38},"9":{"loc":{"start":{"line":46,"column":24},"end":{"line":46,"column":56}},"type":"cond-expr","locations":[{"start":{"line":46,"column":33},"end":{"line":46,"column":49}},{"start":{"line":46,"column":52},"end":{"line":46,"column":56}}],"line":46},"10":{"loc":{"start":{"line":49,"column":31},"end":{"line":49,"column":56}},"type":"default-arg","locations":[{"start":{"line":49,"column":38},"end":{"line":49,"column":56}}],"line":49},"11":{"loc":{"start":{"line":49,"column":58},"end":{"line":49,"column":81}},"type":"default-arg","locations":[{"start":{"line":49,"column":68},"end":{"line":49,"column":81}}],"line":49},"12":{"loc":{"start":{"line":50,"column":4},"end":{"line":50,"column":62}},"type":"if","locations":[{"start":{"line":50,"column":4},"end":{"line":50,"column":62}},{"start":{},"end":{}}],"line":50},"13":{"loc":{"start":{"line":59,"column":18},"end":{"line":59,"column":67}},"type":"cond-expr","locations":[{"start":{"line":59,"column":28},"end":{"line":59,"column":60}},{"start":{"line":59,"column":63},"end":{"line":59,"column":67}}],"line":59},"14":{"loc":{"start":{"line":60,"column":4},"end":{"line":60,"column":20}},"type":"if","locations":[{"start":{"line":60,"column":4},"end":{"line":60,"column":20}},{"start":{},"end":{}}],"line":60},"15":{"loc":{"start":{"line":62,"column":4},"end":{"line":66,"column":5}},"type":"if","locations":[{"start":{"line":62,"column":4},"end":{"line":66,"column":5}},{"start":{},"end":{}}],"line":62},"16":{"loc":{"start":{"line":64,"column":8},"end":{"line":64,"column":55}},"type":"if","locations":[{"start":{"line":64,"column":8},"end":{"line":64,"column":55}},{"start":{},"end":{}}],"line":64},"17":{"loc":{"start":{"line":71,"column":4},"end":{"line":75,"column":5}},"type":"if","locations":[{"start":{"line":71,"column":4},"end":{"line":75,"column":5}},{"start":{},"end":{}}],"line":71},"18":{"loc":{"start":{"line":73,"column":8},"end":{"line":73,"column":83}},"type":"if","locations":[{"start":{"line":73,"column":8},"end":{"line":73,"column":83}},{"start":{},"end":{}}],"line":73},"19":{"loc":{"start":{"line":82,"column":4},"end":{"line":82,"column":39}},"type":"if","locations":[{"start":{"line":82,"column":4},"end":{"line":82,"column":39}},{"start":{},"end":{}}],"line":82},"20":{"loc":{"start":{"line":83,"column":4},"end":{"line":83,"column":52}},"type":"if","locations":[{"start":{"line":83,"column":4},"end":{"line":83,"column":52}},{"start":{},"end":{}}],"line":83},"21":{"loc":{"start":{"line":83,"column":8},"end":{"line":83,"column":27}},"type":"binary-expr","locations":[{"start":{"line":83,"column":8},"end":{"line":83,"column":16}},{"start":{"line":83,"column":20},"end":{"line":83,"column":27}}],"line":83},"22":{"loc":{"start":{"line":87,"column":4},"end":{"line":87,"column":79}},"type":"if","locations":[{"start":{"line":87,"column":4},"end":{"line":87,"column":79}},{"start":{},"end":{}}],"line":87}},"s":{"0":5,"1":5,"2":1,"3":4,"4":4,"5":4,"6":1,"7":15,"8":2,"9":13,"10":6,"11":7,"12":9,"13":6,"14":3,"15":3,"16":3,"17":2,"18":1,"19":1,"20":12,"21":3,"22":9,"23":3,"24":3,"25":1,"26":1,"27":0,"28":1,"29":0,"30":1,"31":1,"32":1,"33":1,"34":0,"35":1,"36":1,"37":1,"38":1,"39":1,"40":0,"41":0,"42":0,"43":0,"44":0,"45":0,"46":0,"47":0,"48":0,"49":0,"50":0,"51":0,"52":0,"53":0,"54":0,"55":0,"56":0,"57":0,"58":0},"f":{"0":5,"1":1,"2":15,"3":9,"4":3,"5":12,"6":1,"7":1,"8":0,"9":1},"b":{"0":[2],"1":[1,4],"2":[2,13],"3":[6,7],"4":[6,3],"5":[2,1],"6":[5],"7":[3,9],"8":[5,4],"9":[0,1],"10":[1],"11":[1],"12":[0,1],"13":[1,0],"14":[0,1],"15":[1,0],"16":[1,0],"17":[0,0],"18":[0,0],"19":[0,0],"20":[0,0],"21":[0,0],"22":[0,0]},"_coverageSchema":"1a1c01bbd47fc00a2c39e90264f33305004495a9","hash":"905042bdec4e41a315138b2695908ca10897c2c6"}
,"E:\\Ongoing Pro Projects\\Product Price barCode Sync\\app\\static\\js\\components\\cleanup.js": {"path":"E:\\Ongoing Pro Projects\\Product Price barCode Sync\\app\\static\\js\\components\\cleanup.js","statementMap":{"0":{"start":{"line":5,"column":4},"end":{"line":5,"column":88}},"1":{"start":{"line":6,"column":4},"end":{"line":6,"column":88}},"2":{"start":{"line":10,"column":4},"end":{"line":10,"column":71}},"3":{"start":{"line":11,"column":4},"end":{"line":11,"column":80}},"4":{"start":{"line":15,"column":19},"end":{"line":15,"column":63}},"5":{"start":{"line":16,"column":19},"end":{"line":16,"column":59}},"6":{"start":{"line":17,"column":22},"end":{"line":17,"column":92}},"7":{"start":{"line":18,"column":22},"end":{"line":18,"column":92}},"8":{"start":{"line":19,"column":4},"end":{"line":19,"column":35}},"9":{"start":{"line":19,"column":28},"end":{"line":19,"column":35}},"10":{"start":{"line":21,"column":4},"end":{"line":21,"column":27}},"11":{"start":{"line":22,"column":4},"end":{"line":22,"column":42}},"12":{"start":{"line":23,"column":4},"end":{"line":23,"column":53}},"13":{"start":{"line":24,"column":4},"end":{"line":24,"column":66}},"14":{"start":{"line":26,"column":4},"end":{"line":46,"column":5}},"15":{"start":{"line":27,"column":21},"end":{"line":30,"column":10}},"16":{"start":{"line":31,"column":24},"end":{"line":31,"column":61}},"17":{"start":{"line":32,"column":8},"end":{"line":32,"column":57}},"18":{"start":{"line":33,"column":24},"end":{"line":33,"column":56}},"19":{"start":{"line":34,"column":8},"end":{"line":34,"column":49}},"20":{"start":{"line":35,"column":24},"end":{"line":35,"column":53}},"21":{"start":{"line":36,"column":8},"end":{"line":36,"column":131}},"22":{"start":{"line":37,"column":8},"end":{"line":37,"column":49}},"23":{"start":{"line":38,"column":8},"end":{"line":38,"column":62}},"24":{"start":{"line":40,"column":8},"end":{"line":40,"column":55}},"25":{"start":{"line":41,"column":8},"end":{"line":41,"column":63}},"26":{"start":{"line":42,"column":8},"end":{"line":42,"column":62}},"27":{"start":{"line":44,"column":8},"end":{"line":44,"column":32}},"28":{"start":{"line":45,"column":8},"end":{"line":45,"column":47}}},"fnMap":{"0":{"name":"init","decl":{"start":{"line":4,"column":16},"end":{"line":4,"column":20}},"loc":{"start":{"line":4,"column":23},"end":{"line":7,"column":1}},"line":4},"1":{"name":"toggleCleanup","decl":{"start":{"line":9,"column":9},"end":{"line":9,"column":22}},"loc":{"start":{"line":9,"column":30},"end":{"line":12,"column":1}},"line":9},"2":{"name":"triggerNow","decl":{"start":{"line":14,"column":15},"end":{"line":14,"column":25}},"loc":{"start":{"line":14,"column":28},"end":{"line":47,"column":1}},"line":14}},"branchMap":{"0":{"loc":{"start":{"line":19,"column":4},"end":{"line":19,"column":35}},"type":"if","locations":[{"start":{"line":19,"column":4},"end":{"line":19,"column":35}},{"start":{},"end":{}}],"line":19},"1":{"loc":{"start":{"line":19,"column":8},"end":{"line":19,"column":26}},"type":"binary-expr","locations":[{"start":{"line":19,"column":8},"end":{"line":19,"column":15}},{"start":{"line":19,"column":19},"end":{"line":19,"column":26}}],"line":19},"2":{"loc":{"start":{"line":41,"column":29},"end":{"line":41,"column":62}},"type":"binary-expr","locations":[{"start":{"line":41,"column":29},"end":{"line":41,"column":42}},{"start":{"line":41,"column":46},"end":{"line":41,"column":62}}],"line":41},"3":{"loc":{"start":{"line":42,"column":18},"end":{"line":42,"column":51}},"type":"binary-expr","locations":[{"start":{"line":42,"column":18},"end":{"line":42,"column":31}},{"start":{"line":42,"column":35},"end":{"line":42,"column":51}}],"line":42}},"s":{"0":1,"1":1,"2":0,"3":0,"4":0,"5":0,"6":0,"7":0,"8":0,"9":0,"10":0,"11":0,"12":0,"13":0,"14":0,"15":0,"16":0,"17":0,"18":0,"19":0,"20":0,"21":0,"22":0,"23":0,"24":0,"25":0,"26":0,"27":0,"28":0},"f":{"0":1,"1":0,"2":0},"b":{"0":[0,0],"1":[0,0],"2":[0,0],"3":[0,0]},"_coverageSchema":"1a1c01bbd47fc00a2c39e90264f33305004495a9","hash":"95a8f21373275b689166b2f287470126625eb062"}
,"E:\\Ongoing Pro Projects\\Product Price barCode Sync\\app\\static\\js\\components\\logs.js": {"path":"E:\\Ongoing Pro Projects\\Product Price barCode Sync\\app\\static\\js\\components\\logs.js","statementMap":{"0":{"start":{"line":3,"column":23},"end":{"line":3,"column":26}},"1":{"start":{"line":4,"column":20},"end":{"line":4,"column":22}},"2":{"start":{"line":5,"column":23},"end":{"line":5,"column":27}},"3":{"start":{"line":6,"column":21},"end":{"line":6,"column":25}},"4":{"start":{"line":9,"column":4},"end":{"line":9,"column":87}},"5":{"start":{"line":10,"column":4},"end":{"line":10,"column":92}},"6":{"start":{"line":11,"column":4},"end":{"line":11,"column":82}},"7":{"start":{"line":13,"column":19},"end":{"line":13,"column":59}},"8":{"start":{"line":14,"column":4},"end":{"line":14,"column":70}},"9":{"start":{"line":14,"column":16},"end":{"line":14,"column":70}},"10":{"start":{"line":16,"column":4},"end":{"line":23,"column":5}},"11":{"start":{"line":17,"column":8},"end":{"line":17,"column":26}},"12":{"start":{"line":18,"column":8},"end":{"line":18,"column":26}},"13":{"start":{"line":20,"column":8},"end":{"line":20,"column":49}},"14":{"start":{"line":21,"column":23},"end":{"line":21,"column":59}},"15":{"start":{"line":22,"column":8},"end":{"line":22,"column":84}},"16":{"start":{"line":22,"column":20},"end":{"line":22,"column":84}},"17":{"start":{"line":27,"column":19},"end":{"line":27,"column":59}},"18":{"start":{"line":28,"column":4},"end":{"line":28,"column":24}},"19":{"start":{"line":28,"column":17},"end":{"line":28,"column":24}},"20":{"start":{"line":29,"column":4},"end":{"line":29,"column":37}},"21":{"start":{"line":30,"column":4},"end":{"line":30,"column":69}},"22":{"start":{"line":30,"column":47},"end":{"line":30,"column":69}},"23":{"start":{"line":31,"column":4},"end":{"line":31,"column":50}},"24":{"start":{"line":32,"column":4},"end":{"line":32,"column":43}},"25":{"start":{"line":36,"column":20},"end":{"line":36,"column":29}},"26":{"start":{"line":37,"column":17},"end":{"line":37,"column":19}},"27":{"start":{"line":38,"column":4},"end":{"line":41,"column":5}},"28":{"start":{"line":39,"column":8},"end":{"line":39,"column":72}},"29":{"start":{"line":39,"column":39},"end":{"line":39,"column":72}},"30":{"start":{"line":40,"column":8},"end":{"line":40,"column":75}},"31":{"start":{"line":40,"column":38},"end":{"line":40,"column":75}},"32":{"start":{"line":42,"column":4},"end":{"line":48,"column":5}},"33":{"start":{"line":43,"column":8},"end":{"line":43,"column":42}},"34":{"start":{"line":44,"column":8},"end":{"line":44,"column":85}},"35":{"start":{"line":45,"column":11},"end":{"line":48,"column":5}},"36":{"start":{"line":46,"column":8},"end":{"line":46,"column":42}},"37":{"start":{"line":47,"column":8},"end":{"line":47,"column":41}},"38":{"start":{"line":52,"column":4},"end":{"line":72,"column":5}},"39":{"start":{"line":53,"column":21},"end":{"line":53,"column":59}},"40":{"start":{"line":54,"column":23},"end":{"line":54,"column":39}},"41":{"start":{"line":55,"column":24},"end":{"line":55,"column":41}},"42":{"start":{"line":56,"column":22},"end":{"line":56,"column":24}},"43":{"start":{"line":57,"column":8},"end":{"line":66,"column":9}},"44":{"start":{"line":58,"column":36},"end":{"line":58,"column":55}},"45":{"start":{"line":59,"column":12},"end":{"line":59,"column":107}},"46":{"start":{"line":61,"column":12},"end":{"line":64,"column":13}},"47":{"start":{"line":62,"column":16},"end":{"line":62,"column":61}},"48":{"start":{"line":63,"column":16},"end":{"line":63,"column":54}},"49":{"start":{"line":65,"column":12},"end":{"line":65,"column":28}},"50":{"start":{"line":65,"column":22},"end":{"line":65,"column":28}},"51":{"start":{"line":67,"column":8},"end":{"line":67,"column":76}},"52":{"start":{"line":67,"column":40},"end":{"line":67,"column":76}},"53":{"start":{"line":69,"column":8},"end":{"line":69,"column":46}},"54":{"start":{"line":69,"column":39},"end":{"line":69,"column":46}},"55":{"start":{"line":70,"column":8},"end":{"line":70,"column":62}},"56":{"start":{"line":71,"column":8},"end":{"line":71,"column":59}},"57":{"start":{"line":76,"column":4},"end":{"line":76,"column":53}},"58":{"start":{"line":76,"column":24},"end":{"line":76,"column":53}},"59":{"start":{"line":77,"column":4},"end":{"line":77,"column":51}},"60":{"start":{"line":77,"column":26},"end":{"line":77,"column":51}},"61":{"start":{"line":79,"column":4},"end":{"line":82,"column":5}},"62":{"start":{"line":80,"column":8},"end":{"line":80,"column":49}},"63":{"start":{"line":81,"column":8},"end":{"line":81,"column":15}},"64":{"start":{"line":84,"column":4},"end":{"line":84,"column":45}},"65":{"start":{"line":85,"column":4},"end":{"line":85,"column":42}},"66":{"start":{"line":86,"column":4},"end":{"line":86,"column":41}},"67":{"start":{"line":87,"column":4},"end":{"line":87,"column":27}},"68":{"start":{"line":91,"column":4},"end":{"line":91,"column":23}},"69":{"start":{"line":92,"column":19},"end":{"line":92,"column":59}},"70":{"start":{"line":93,"column":4},"end":{"line":93,"column":40}},"71":{"start":{"line":93,"column":16},"end":{"line":93,"column":40}},"72":{"start":{"line":97,"column":19},"end":{"line":97,"column":55}},"73":{"start":{"line":98,"column":4},"end":{"line":108,"column":5}},"74":{"start":{"line":99,"column":23},"end":{"line":99,"column":63}},"75":{"start":{"line":100,"column":21},"end":{"line":100,"column":76}},"76":{"start":{"line":101,"column":24},"end":{"line":101,"column":43}},"77":{"start":{"line":102,"column":8},"end":{"line":105,"column":9}},"78":{"start":{"line":103,"column":12},"end":{"line":103,"column":69}},"79":{"start":{"line":104,"column":12},"end":{"line":104,"column":51}},"80":{"start":{"line":107,"column":8},"end":{"line":107,"column":81}},"81":{"start":{"line":107,"column":20},"end":{"line":107,"column":81}},"82":{"start":{"line":112,"column":19},"end":{"line":112,"column":59}},"83":{"start":{"line":113,"column":4},"end":{"line":113,"column":24}},"84":{"start":{"line":113,"column":17},"end":{"line":113,"column":24}},"85":{"start":{"line":114,"column":4},"end":{"line":114,"column":40}},"86":{"start":{"line":115,"column":4},"end":{"line":115,"column":31}}},"fnMap":{"0":{"name":"init","decl":{"start":{"line":8,"column":16},"end":{"line":8,"column":20}},"loc":{"start":{"line":8,"column":23},"end":{"line":24,"column":1}},"line":8},"1":{"name":"appendToLiveLog","decl":{"start":{"line":26,"column":9},"end":{"line":26,"column":24}},"loc":{"start":{"line":26,"column":31},"end":{"line":33,"column":1}},"line":26},"2":{"name":"handleEventBlock","decl":{"start":{"line":35,"column":9},"end":{"line":35,"column":25}},"loc":{"start":{"line":35,"column":33},"end":{"line":49,"column":1}},"line":35},"3":{"name":"consumeStream","decl":{"start":{"line":51,"column":15},"end":{"line":51,"column":28}},"loc":{"start":{"line":51,"column":41},"end":{"line":73,"column":1}},"line":51},"4":{"name":"connectLiveLogs","decl":{"start":{"line":75,"column":16},"end":{"line":75,"column":31}},"loc":{"start":{"line":75,"column":34},"end":{"line":88,"column":1}},"line":75},"5":{"name":"clearLive","decl":{"start":{"line":90,"column":9},"end":{"line":90,"column":18}},"loc":{"start":{"line":90,"column":21},"end":{"line":94,"column":1}},"line":90},"6":{"name":"loadArchivedLog","decl":{"start":{"line":96,"column":15},"end":{"line":96,"column":30}},"loc":{"start":{"line":96,"column":33},"end":{"line":109,"column":1}},"line":96},"7":{"name":"setStatus","decl":{"start":{"line":111,"column":9},"end":{"line":111,"column":18}},"loc":{"start":{"line":111,"column":35},"end":{"line":116,"column":1}},"line":111}},"branchMap":{"0":{"loc":{"start":{"line":14,"column":4},"end":{"line":14,"column":70}},"type":"if","locations":[{"start":{"line":14,"column":4},"end":{"line":14,"column":70}},{"start":{},"end":{}}],"line":14},"1":{"loc":{"start":{"line":16,"column":4},"end":{"line":23,"column":5}},"type":"if","locations":[{"start":{"line":16,"column":4},"end":{"line":23,"column":5}},{"start":{"line":19,"column":11},"end":{"line":23,"column":5}}],"line":16},"2":{"loc":{"start":{"line":22,"column":8},"end":{"line":22,"column":84}},"type":"if","locations":[{"start":{"line":22,"column":8},"end":{"line":22,"column":84}},{"start":{},"end":{}}],"line":22},"3":{"loc":{"start":{"line":28,"column":4},"end":{"line":28,"column":24}},"type":"if","locations":[{"start":{"line":28,"column":4},"end":{"line":28,"column":24}},{"start":{},"end":{}}],"line":28},"4":{"loc":{"start":{"line":30,"column":4},"end":{"line":30,"column":69}},"type":"if","locations":[{"start":{"line":30,"column":4},"end":{"line":30,"column":69}},{"start":{},"end":{}}],"line":30},"5":{"loc":{"start":{"line":39,"column":8},"end":{"line":39,"column":72}},"type":"if","locations":[{"start":{"line":39,"column":8},"end":{"line":39,"column":72}},{"start":{},"end":{}}],"line":39},"6":{"loc":{"start":{"line":40,"column":8},"end":{"line":40,"column":75}},"type":"if","locations":[{"start":{"line":40,"column":8},"end":{"line":40,"column":75}},{"start":{},"end":{}}],"line":40},"7":{"loc":{"start":{"line":42,"column":4},"end":{"line":48,"column":5}},"type":"if","locations":[{"start":{"line":42,"column":4},"end":{"line":48,"column":5}},{"start":{"line":45,"column":11},"end":{"line":48,"column":5}}],"line":42},"8":{"loc":{"start":{"line":45,"column":11},"end":{"line":48,"column":5}},"type":"if","locations":[{"start":{"line":45,"column":11},"end":{"line":48,"column":5}},{"start":{},"end":{}}],"line":45},"9":{"loc":{"start":{"line":59,"column":38},"end":{"line":59,"column":63}},"type":"binary-expr","locations":[{"start":{"line":59,"column":38},"end":{"line":59,"column":43}},{"start":{"line":59,"column":47},"end":{"line":59,"column":63}}],"line":59},"10":{"loc":{"start":{"line":65,"column":12},"end":{"line":65,"column":28}},"type":"if","locations":[{"start":{"line":65,"column":12},"end":{"line":65,"column":28}},{"start":{},"end":{}}],"line":65},"11":{"loc":{"start":{"line":67,"column":8},"end":{"line":67,"column":76}},"type":"if","locations":[{"start":{"line":67,"column":8},"end":{"line":67,"column":76}},{"start":{},"end":{}}],"line":67},"12":{"loc":{"start":{"line":69,"column":8},"end":{"line":69,"column":46}},"type":"if","locations":[{"start":{"line":69,"column":8},"end":{"line":69,"column":46}},{"start":{},"end":{}}],"line":69},"13":{"loc":{"start":{"line":70,"column":18},"end":{"line":70,"column":49}},"type":"binary-expr","locations":[{"start":{"line":70,"column":18},"end":{"line":70,"column":31}},{"start":{"line":70,"column":35},"end":{"line":70,"column":49}}],"line":70},"14":{"loc":{"start":{"line":76,"column":4},"end":{"line":76,"column":53}},"type":"if","locations":[{"start":{"line":76,"column":4},"end":{"line":76,"column":53}},{"start":{},"end":{}}],"line":76},"15":{"loc":{"start":{"line":77,"column":4},"end":{"line":77,"column":51}},"type":"if","locations":[{"start":{"line":77,"column":4},"end":{"line":77,"column":51}},{"start":{},"end":{}}],"line":77},"16":{"loc":{"start":{"line":79,"column":4},"end":{"line":82,"column":5}},"type":"if","locations":[{"start":{"line":79,"column":4},"end":{"line":82,"column":5}},{"start":{},"end":{}}],"line":79},"17":{"loc":{"start":{"line":93,"column":4},"end":{"line":93,"column":40}},"type":"if","locations":[{"start":{"line":93,"column":4},"end":{"line":93,"column":40}},{"start":{},"end":{}}],"line":93},"18":{"loc":{"start":{"line":100,"column":21},"end":{"line":100,"column":76}},"type":"binary-expr","locations":[{"start":{"line":100,"column":21},"end":{"line":100,"column":34}},{"start":{"line":100,"column":38},"end":{"line":100,"column":76}}],"line":100},"19":{"loc":{"start":{"line":102,"column":8},"end":{"line":105,"column":9}},"type":"if","locations":[{"start":{"line":102,"column":8},"end":{"line":105,"column":9}},{"start":{},"end":{}}],"line":102},"20":{"loc":{"start":{"line":103,"column":33},"end":{"line":103,"column":68}},"type":"binary-expr","locations":[{"start":{"line":103,"column":33},"end":{"line":103,"column":40}},{"start":{"line":103,"column":44},"end":{"line":103,"column":68}}],"line":103},"21":{"loc":{"start":{"line":107,"column":8},"end":{"line":107,"column":81}},"type":"if","locations":[{"start":{"line":107,"column":8},"end":{"line":107,"column":81}},{"start":{},"end":{}}],"line":107},"22":{"loc":{"start":{"line":107,"column":41},"end":{"line":107,"column":80}},"type":"binary-expr","locations":[{"start":{"line":107,"column":41},"end":{"line":107,"column":54}},{"start":{"line":107,"column":58},"end":{"line":107,"column":80}}],"line":107},"23":{"loc":{"start":{"line":113,"column":4},"end":{"line":113,"column":24}},"type":"if","locations":[{"start":{"line":113,"column":4},"end":{"line":113,"column":24}},{"start":{},"end":{}}],"line":113}},"s":{"0":1,"1":1,"2":1,"3":1,"4":1,"5":1,"6":1,"7":1,"8":1,"9":1,"10":1,"11":0,"12":0,"13":1,"14":1,"15":1,"16":1,"17":0,"18":0,"19":0,"20":0,"21":0,"22":0,"23":0,"24":0,"25":0,"26":0,"27":0,"28":0,"29":0,"30":0,"31":0,"32":0,"33":0,"34":0,"35":0,"36":0,"37":0,"38":0,"39":0,"40":0,"41":0,"42":0,"43":0,"44":0,"45":0,"46":0,"47":0,"48":0,"49":0,"50":0,"51":0,"52":0,"53":0,"54":0,"55":0,"56":0,"57":0,"58":0,"59":0,"60":0,"61":0,"62":0,"63":0,"64":0,"65":0,"66":0,"67":0,"68":0,"69":0,"70":0,"71":0,"72":0,"73":0,"74":0,"75":0,"76":0,"77":0,"78":0,"79":0,"80":0,"81":0,"82":1,"83":1,"84":0,"85":1,"86":1},"f":{"0":1,"1":0,"2":0,"3":0,"4":0,"5":0,"6":0,"7":1},"b":{"0":[1,0],"1":[0,1],"2":[1,0],"3":[0,0],"4":[0,0],"5":[0,0],"6":[0,0],"7":[0,0],"8":[0,0],"9":[0,0],"10":[0,0],"11":[0,0],"12":[0,0],"13":[0,0],"14":[0,0],"15":[0,0],"16":[0,0],"17":[0,0],"18":[0,0],"19":[0,0],"20":[0,0],"21":[0,0],"22":[0,0],"23":[0,1]},"_coverageSchema":"1a1c01bbd47fc00a2c39e90264f33305004495a9","hash":"29a0d0cab3cd10283a1cf0a7cf372e3a59974852"}
,"E:\\Ongoing Pro Projects\\Product Price barCode Sync\\app\\static\\js\\components\\outlets.js": {"path":"E:\\Ongoing Pro Projects\\Product Price barCode Sync\\app\\static\\js\\components\\outlets.js","statementMap":{"0":{"start":{"line":4,"column":17},"end":{"line":4,"column":19}},"1":{"start":{"line":7,"column":18},"end":{"line":7,"column":57}},"2":{"start":{"line":8,"column":18},"end":{"line":8,"column":62}},"3":{"start":{"line":9,"column":4},"end":{"line":9,"column":45}},"4":{"start":{"line":10,"column":4},"end":{"line":14,"column":7}},"5":{"start":{"line":11,"column":8},"end":{"line":11,"column":36}},"6":{"start":{"line":11,"column":19},"end":{"line":11,"column":36}},"7":{"start":{"line":12,"column":8},"end":{"line":12,"column":42}},"8":{"start":{"line":13,"column":8},"end":{"line":13,"column":17}},"9":{"start":{"line":18,"column":4},"end":{"line":23,"column":5}},"10":{"start":{"line":19,"column":8},"end":{"line":19,"column":40}},"11":{"start":{"line":20,"column":8},"end":{"line":20,"column":17}},"12":{"start":{"line":27,"column":17},"end":{"line":27,"column":45}},"13":{"start":{"line":28,"column":4},"end":{"line":28,"column":58}},"14":{"start":{"line":29,"column":4},"end":{"line":29,"column":46}},"15":{"start":{"line":29,"column":19},"end":{"line":29,"column":46}},"16":{"start":{"line":30,"column":4},"end":{"line":30,"column":26}},"17":{"start":{"line":31,"column":4},"end":{"line":31,"column":16}},"18":{"start":{"line":35,"column":16},"end":{"line":35,"column":44}},"19":{"start":{"line":36,"column":17},"end":{"line":36,"column":36}},"20":{"start":{"line":37,"column":4},"end":{"line":37,"column":21}},"21":{"start":{"line":38,"column":4},"end":{"line":38,"column":34}},"22":{"start":{"line":39,"column":17},"end":{"line":39,"column":46}},"23":{"start":{"line":40,"column":4},"end":{"line":40,"column":39}},"24":{"start":{"line":41,"column":4},"end":{"line":41,"column":31}},"25":{"start":{"line":42,"column":4},"end":{"line":42,"column":27}},"26":{"start":{"line":43,"column":4},"end":{"line":48,"column":5}},"27":{"start":{"line":44,"column":25},"end":{"line":44,"column":54}},"28":{"start":{"line":45,"column":8},"end":{"line":45,"column":47}},"29":{"start":{"line":46,"column":8},"end":{"line":46,"column":36}},"30":{"start":{"line":47,"column":8},"end":{"line":47,"column":35}},"31":{"start":{"line":49,"column":4},"end":{"line":49,"column":27}},"32":{"start":{"line":53,"column":18},"end":{"line":53,"column":61}},"33":{"start":{"line":54,"column":4},"end":{"line":54,"column":23}},"34":{"start":{"line":54,"column":16},"end":{"line":54,"column":23}},"35":{"start":{"line":55,"column":24},"end":{"line":55,"column":63}},"36":{"start":{"line":56,"column":22},"end":{"line":56,"column":53}},"37":{"start":{"line":57,"column":23},"end":{"line":57,"column":46}},"38":{"start":{"line":58,"column":4},"end":{"line":58,"column":99}},"39":{"start":{"line":60,"column":21},"end":{"line":67,"column":10}},"40":{"start":{"line":61,"column":26},"end":{"line":63,"column":70}},"41":{"start":{"line":65,"column":12},"end":{"line":65,"column":82}},"42":{"start":{"line":65,"column":46},"end":{"line":65,"column":82}},"43":{"start":{"line":66,"column":12},"end":{"line":66,"column":85}},"44":{"start":{"line":69,"column":18},"end":{"line":69,"column":57}},"45":{"start":{"line":70,"column":4},"end":{"line":70,"column":66}},"46":{"start":{"line":70,"column":15},"end":{"line":70,"column":66}},"47":{"start":{"line":71,"column":18},"end":{"line":71,"column":56}},"48":{"start":{"line":72,"column":4},"end":{"line":74,"column":13}},"49":{"start":{"line":72,"column":15},"end":{"line":74,"column":13}},"50":{"start":{"line":76,"column":4},"end":{"line":76,"column":28}},"51":{"start":{"line":77,"column":4},"end":{"line":84,"column":5}},"52":{"start":{"line":78,"column":8},"end":{"line":82,"column":10}},"53":{"start":{"line":83,"column":8},"end":{"line":83,"column":15}},"54":{"start":{"line":86,"column":4},"end":{"line":109,"column":5}},"55":{"start":{"line":87,"column":20},"end":{"line":87,"column":48}},"56":{"start":{"line":88,"column":25},"end":{"line":88,"column":60}},"57":{"start":{"line":89,"column":23},"end":{"line":89,"column":55}},"58":{"start":{"line":90,"column":8},"end":{"line":90,"column":50}},"59":{"start":{"line":91,"column":8},"end":{"line":91,"column":41}},"60":{"start":{"line":92,"column":8},"end":{"line":92,"column":35}},"61":{"start":{"line":93,"column":27},"end":{"line":93,"column":94}},"62":{"start":{"line":94,"column":8},"end":{"line":94,"column":96}},"63":{"start":{"line":95,"column":8},"end":{"line":95,"column":65}},"64":{"start":{"line":96,"column":24},"end":{"line":96,"column":69}},"65":{"start":{"line":97,"column":8},"end":{"line":97,"column":53}},"66":{"start":{"line":98,"column":8},"end":{"line":98,"column":54}},"67":{"start":{"line":99,"column":23},"end":{"line":99,"column":42}},"68":{"start":{"line":100,"column":8},"end":{"line":107,"column":9}},"69":{"start":{"line":101,"column":27},"end":{"line":101,"column":59}},"70":{"start":{"line":102,"column":12},"end":{"line":102,"column":56}},"71":{"start":{"line":103,"column":12},"end":{"line":103,"column":35}},"72":{"start":{"line":104,"column":12},"end":{"line":104,"column":41}},"73":{"start":{"line":105,"column":12},"end":{"line":105,"column":84}},"74":{"start":{"line":105,"column":51},"end":{"line":105,"column":82}},"75":{"start":{"line":106,"column":12},"end":{"line":106,"column":39}},"76":{"start":{"line":108,"column":8},"end":{"line":108,"column":31}},"77":{"start":{"line":113,"column":4},"end":{"line":119,"column":5}},"78":{"start":{"line":114,"column":8},"end":{"line":114,"column":31}},"79":{"start":{"line":115,"column":8},"end":{"line":115,"column":58}},"80":{"start":{"line":116,"column":8},"end":{"line":116,"column":24}},"81":{"start":{"line":118,"column":8},"end":{"line":118,"column":71}}},"fnMap":{"0":{"name":"init","decl":{"start":{"line":6,"column":16},"end":{"line":6,"column":20}},"loc":{"start":{"line":6,"column":23},"end":{"line":15,"column":1}},"line":6},"1":{"name":"(anonymous_1)","decl":{"start":{"line":10,"column":37},"end":{"line":10,"column":38}},"loc":{"start":{"line":10,"column":43},"end":{"line":14,"column":5}},"line":10},"2":{"name":"refresh","decl":{"start":{"line":17,"column":22},"end":{"line":17,"column":29}},"loc":{"start":{"line":17,"column":32},"end":{"line":24,"column":1}},"line":17},"3":{"name":"appendCell","decl":{"start":{"line":26,"column":9},"end":{"line":26,"column":19}},"loc":{"start":{"line":26,"column":48},"end":{"line":32,"column":1}},"line":26},"4":{"name":"appendEmptyState","decl":{"start":{"line":34,"column":9},"end":{"line":34,"column":25}},"loc":{"start":{"line":34,"column":53},"end":{"line":50,"column":1}},"line":34},"5":{"name":"render","decl":{"start":{"line":52,"column":16},"end":{"line":52,"column":22}},"loc":{"start":{"line":52,"column":25},"end":{"line":110,"column":1}},"line":52},"6":{"name":"(anonymous_6)","decl":{"start":{"line":61,"column":16},"end":{"line":61,"column":17}},"loc":{"start":{"line":61,"column":26},"end":{"line":63,"column":70}},"line":61},"7":{"name":"(anonymous_7)","decl":{"start":{"line":64,"column":14},"end":{"line":64,"column":15}},"loc":{"start":{"line":64,"column":31},"end":{"line":67,"column":9}},"line":64},"8":{"name":"(anonymous_8)","decl":{"start":{"line":105,"column":45},"end":{"line":105,"column":46}},"loc":{"start":{"line":105,"column":51},"end":{"line":105,"column":82}},"line":105},"9":{"name":"retryOutlet","decl":{"start":{"line":112,"column":15},"end":{"line":112,"column":26}},"loc":{"start":{"line":112,"column":33},"end":{"line":120,"column":1}},"line":112}},"branchMap":{"0":{"loc":{"start":{"line":11,"column":8},"end":{"line":11,"column":36}},"type":"if","locations":[{"start":{"line":11,"column":8},"end":{"line":11,"column":36}},{"start":{},"end":{}}],"line":11},"1":{"loc":{"start":{"line":26,"column":32},"end":{"line":26,"column":46}},"type":"default-arg","locations":[{"start":{"line":26,"column":44},"end":{"line":26,"column":46}}],"line":26},"2":{"loc":{"start":{"line":28,"column":23},"end":{"line":28,"column":57}},"type":"cond-expr","locations":[{"start":{"line":28,"column":39},"end":{"line":28,"column":41}},{"start":{"line":28,"column":44},"end":{"line":28,"column":57}}],"line":28},"3":{"loc":{"start":{"line":29,"column":4},"end":{"line":29,"column":46}},"type":"if","locations":[{"start":{"line":29,"column":4},"end":{"line":29,"column":46}},{"start":{},"end":{}}],"line":29},"4":{"loc":{"start":{"line":34,"column":42},"end":{"line":34,"column":51}},"type":"default-arg","locations":[{"start":{"line":34,"column":49},"end":{"line":34,"column":51}}],"line":34},"5":{"loc":{"start":{"line":43,"column":4},"end":{"line":48,"column":5}},"type":"if","locations":[{"start":{"line":43,"column":4},"end":{"line":48,"column":5}},{"start":{},"end":{}}],"line":43},"6":{"loc":{"start":{"line":54,"column":4},"end":{"line":54,"column":23}},"type":"if","locations":[{"start":{"line":54,"column":4},"end":{"line":54,"column":23}},{"start":{},"end":{}}],"line":54},"7":{"loc":{"start":{"line":56,"column":22},"end":{"line":56,"column":53}},"type":"binary-expr","locations":[{"start":{"line":56,"column":22},"end":{"line":56,"column":47}},{"start":{"line":56,"column":51},"end":{"line":56,"column":53}}],"line":56},"8":{"loc":{"start":{"line":61,"column":26},"end":{"line":63,"column":70}},"type":"binary-expr","locations":[{"start":{"line":61,"column":26},"end":{"line":61,"column":37}},{"start":{"line":62,"column":12},"end":{"line":62,"column":79}},{"start":{"line":63,"column":12},"end":{"line":63,"column":70}}],"line":61},"9":{"loc":{"start":{"line":62,"column":19},"end":{"line":62,"column":43}},"type":"binary-expr","locations":[{"start":{"line":62,"column":19},"end":{"line":62,"column":37}},{"start":{"line":62,"column":41},"end":{"line":62,"column":43}}],"line":62},"10":{"loc":{"start":{"line":63,"column":19},"end":{"line":63,"column":34}},"type":"binary-expr","locations":[{"start":{"line":63,"column":19},"end":{"line":63,"column":28}},{"start":{"line":63,"column":32},"end":{"line":63,"column":34}}],"line":63},"11":{"loc":{"start":{"line":65,"column":12},"end":{"line":65,"column":82}},"type":"if","locations":[{"start":{"line":65,"column":12},"end":{"line":65,"column":82}},{"start":{},"end":{}}],"line":65},"12":{"loc":{"start":{"line":65,"column":53},"end":{"line":65,"column":81}},"type":"cond-expr","locations":[{"start":{"line":65,"column":75},"end":{"line":65,"column":77}},{"start":{"line":65,"column":80},"end":{"line":65,"column":81}}],"line":65},"13":{"loc":{"start":{"line":70,"column":4},"end":{"line":70,"column":66}},"type":"if","locations":[{"start":{"line":70,"column":4},"end":{"line":70,"column":66}},{"start":{},"end":{}}],"line":70},"14":{"loc":{"start":{"line":72,"column":4},"end":{"line":74,"column":13}},"type":"if","locations":[{"start":{"line":72,"column":4},"end":{"line":74,"column":13}},{"start":{},"end":{}}],"line":72},"15":{"loc":{"start":{"line":72,"column":35},"end":{"line":74,"column":12}},"type":"cond-expr","locations":[{"start":{"line":73,"column":10},"end":{"line":73,"column":101}},{"start":{"line":74,"column":10},"end":{"line":74,"column":12}}],"line":72},"16":{"loc":{"start":{"line":73,"column":56},"end":{"line":73,"column":99}},"type":"cond-expr","locations":[{"start":{"line":73,"column":80},"end":{"line":73,"column":87}},{"start":{"line":73,"column":90},"end":{"line":73,"column":99}}],"line":73},"17":{"loc":{"start":{"line":77,"column":4},"end":{"line":84,"column":5}},"type":"if","locations":[{"start":{"line":77,"column":4},"end":{"line":84,"column":5}},{"start":{},"end":{}}],"line":77},"18":{"loc":{"start":{"line":80,"column":12},"end":{"line":80,"column":102}},"type":"cond-expr","locations":[{"start":{"line":80,"column":32},"end":{"line":80,"column":65}},{"start":{"line":80,"column":68},"end":{"line":80,"column":102}}],"line":80},"19":{"loc":{"start":{"line":81,"column":12},"end":{"line":81,"column":72}},"type":"cond-expr","locations":[{"start":{"line":81,"column":32},"end":{"line":81,"column":67}},{"start":{"line":81,"column":70},"end":{"line":81,"column":72}}],"line":81},"20":{"loc":{"start":{"line":93,"column":43},"end":{"line":93,"column":93}},"type":"cond-expr","locations":[{"start":{"line":93,"column":73},"end":{"line":93,"column":82}},{"start":{"line":93,"column":85},"end":{"line":93,"column":93}}],"line":93},"21":{"loc":{"start":{"line":94,"column":31},"end":{"line":94,"column":95}},"type":"cond-expr","locations":[{"start":{"line":94,"column":61},"end":{"line":94,"column":77}},{"start":{"line":94,"column":80},"end":{"line":94,"column":95}}],"line":94},"22":{"loc":{"start":{"line":97,"column":31},"end":{"line":97,"column":51}},"type":"binary-expr","locations":[{"start":{"line":97,"column":31},"end":{"line":97,"column":45}},{"start":{"line":97,"column":49},"end":{"line":97,"column":51}}],"line":97},"23":{"loc":{"start":{"line":100,"column":8},"end":{"line":107,"column":9}},"type":"if","locations":[{"start":{"line":100,"column":8},"end":{"line":107,"column":9}},{"start":{},"end":{}}],"line":100},"24":{"loc":{"start":{"line":118,"column":18},"end":{"line":118,"column":60}},"type":"binary-expr","locations":[{"start":{"line":118,"column":18},"end":{"line":118,"column":31}},{"start":{"line":118,"column":35},"end":{"line":118,"column":60}}],"line":118}},"s":{"0":2,"1":2,"2":2,"3":2,"4":2,"5":0,"6":0,"7":0,"8":0,"9":2,"10":2,"11":2,"12":7,"13":7,"14":7,"15":0,"16":7,"17":7,"18":0,"19":0,"20":0,"21":0,"22":0,"23":0,"24":0,"25":0,"26":0,"27":0,"28":0,"29":0,"30":0,"31":0,"32":2,"33":2,"34":1,"35":1,"36":1,"37":1,"38":1,"39":1,"40":1,"41":0,"42":0,"43":0,"44":1,"45":1,"46":1,"47":1,"48":1,"49":1,"50":1,"51":1,"52":0,"53":0,"54":1,"55":1,"56":1,"57":1,"58":1,"59":1,"60":1,"61":1,"62":1,"63":1,"64":1,"65":1,"66":1,"67":1,"68":1,"69":1,"70":1,"71":1,"72":1,"73":1,"74":0,"75":1,"76":1,"77":0,"78":0,"79":0,"80":0,"81":0},"f":{"0":2,"1":0,"2":2,"3":7,"4":0,"5":2,"6":1,"7":0,"8":0,"9":0},"b":{"0":[0,0],"1":[7],"2":[0,7],"3":[0,7],"4":[0],"5":[0,0],"6":[1,1],"7":[1,1],"8":[1,0,0],"9":[0,0],"10":[0,0],"11":[0,0],"12":[0,0],"13":[1,0],"14":[1,0],"15":[0,1],"16":[0,0],"17":[0,1],"18":[0,0],"19":[0,0],"20":[0,1],"21":[0,1],"22":[1,0],"23":[1,0],"24":[0,0]},"_coverageSchema":"1a1c01bbd47fc00a2c39e90264f33305004495a9","hash":"f9ae52c81694d9b1eabc0be4ae5f59f76ff31193"}
,"E:\\Ongoing Pro Projects\\Product Price barCode Sync\\app\\static\\js\\components\\price-changes.js": {"path":"E:\\Ongoing Pro Projects\\Product Price barCode Sync\\app\\static\\js\\components\\price-changes.js","statementMap":{"0":{"start":{"line":5,"column":4},"end":{"line":5,"column":90}},"1":{"start":{"line":6,"column":4},"end":{"line":8,"column":7}},"2":{"start":{"line":7,"column":8},"end":{"line":7,"column":45}},"3":{"start":{"line":7,"column":35},"end":{"line":7,"column":45}},"4":{"start":{"line":12,"column":4},"end":{"line":18,"column":5}},"5":{"start":{"line":13,"column":27},"end":{"line":13,"column":91}},"6":{"start":{"line":14,"column":21},"end":{"line":14,"column":77}},"7":{"start":{"line":15,"column":8},"end":{"line":15,"column":98}},"8":{"start":{"line":22,"column":17},"end":{"line":22,"column":45}},"9":{"start":{"line":23,"column":4},"end":{"line":23,"column":58}},"10":{"start":{"line":24,"column":4},"end":{"line":24,"column":26}},"11":{"start":{"line":25,"column":4},"end":{"line":25,"column":16}},"12":{"start":{"line":29,"column":18},"end":{"line":29,"column":61}},"13":{"start":{"line":30,"column":4},"end":{"line":30,"column":59}},"14":{"start":{"line":30,"column":15},"end":{"line":30,"column":59}},"15":{"start":{"line":31,"column":18},"end":{"line":31,"column":61}},"16":{"start":{"line":32,"column":4},"end":{"line":32,"column":23}},"17":{"start":{"line":32,"column":16},"end":{"line":32,"column":23}},"18":{"start":{"line":33,"column":4},"end":{"line":33,"column":28}},"19":{"start":{"line":35,"column":4},"end":{"line":42,"column":5}},"20":{"start":{"line":36,"column":20},"end":{"line":36,"column":48}},"21":{"start":{"line":37,"column":21},"end":{"line":37,"column":82}},"22":{"start":{"line":38,"column":8},"end":{"line":38,"column":26}},"23":{"start":{"line":39,"column":8},"end":{"line":39,"column":40}},"24":{"start":{"line":40,"column":8},"end":{"line":40,"column":31}},"25":{"start":{"line":41,"column":8},"end":{"line":41,"column":15}},"26":{"start":{"line":44,"column":4},"end":{"line":59,"column":5}},"27":{"start":{"line":45,"column":20},"end":{"line":45,"column":48}},"28":{"start":{"line":46,"column":8},"end":{"line":46,"column":39}},"29":{"start":{"line":47,"column":8},"end":{"line":47,"column":37}},"30":{"start":{"line":48,"column":8},"end":{"line":48,"column":114}},"31":{"start":{"line":49,"column":8},"end":{"line":49,"column":70}},"32":{"start":{"line":50,"column":22},"end":{"line":50,"column":127}},"33":{"start":{"line":51,"column":8},"end":{"line":51,"column":79}},"34":{"start":{"line":51,"column":44},"end":{"line":51,"column":79}},"35":{"start":{"line":52,"column":8},"end":{"line":52,"column":78}},"36":{"start":{"line":52,"column":44},"end":{"line":52,"column":78}},"37":{"start":{"line":53,"column":8},"end":{"line":53,"column":44}},"38":{"start":{"line":54,"column":8},"end":{"line":54,"column":61}},"39":{"start":{"line":55,"column":8},"end":{"line":55,"column":60}},"40":{"start":{"line":56,"column":8},"end":{"line":56,"column":61}},"41":{"start":{"line":57,"column":8},"end":{"line":57,"column":45}},"42":{"start":{"line":58,"column":8},"end":{"line":58,"column":31}}},"fnMap":{"0":{"name":"init","decl":{"start":{"line":4,"column":16},"end":{"line":4,"column":20}},"loc":{"start":{"line":4,"column":23},"end":{"line":9,"column":1}},"line":4},"1":{"name":"(anonymous_1)","decl":{"start":{"line":6,"column":78},"end":{"line":6,"column":79}},"loc":{"start":{"line":6,"column":87},"end":{"line":8,"column":5}},"line":6},"2":{"name":"refresh","decl":{"start":{"line":11,"column":22},"end":{"line":11,"column":29}},"loc":{"start":{"line":11,"column":32},"end":{"line":19,"column":1}},"line":11},"3":{"name":"cell","decl":{"start":{"line":21,"column":9},"end":{"line":21,"column":13}},"loc":{"start":{"line":21,"column":26},"end":{"line":26,"column":1}},"line":21},"4":{"name":"render","decl":{"start":{"line":28,"column":16},"end":{"line":28,"column":22}},"loc":{"start":{"line":28,"column":29},"end":{"line":60,"column":1}},"line":28}},"branchMap":{"0":{"loc":{"start":{"line":7,"column":8},"end":{"line":7,"column":45}},"type":"if","locations":[{"start":{"line":7,"column":8},"end":{"line":7,"column":45}},{"start":{},"end":{}}],"line":7},"1":{"loc":{"start":{"line":13,"column":27},"end":{"line":13,"column":91}},"type":"binary-expr","locations":[{"start":{"line":13,"column":27},"end":{"line":13,"column":85}},{"start":{"line":13,"column":89},"end":{"line":13,"column":91}}],"line":13},"2":{"loc":{"start":{"line":14,"column":21},"end":{"line":14,"column":77}},"type":"binary-expr","locations":[{"start":{"line":14,"column":21},"end":{"line":14,"column":70}},{"start":{"line":14,"column":74},"end":{"line":14,"column":77}}],"line":14},"3":{"loc":{"start":{"line":15,"column":70},"end":{"line":15,"column":93}},"type":"binary-expr","locations":[{"start":{"line":15,"column":70},"end":{"line":15,"column":80}},{"start":{"line":15,"column":84},"end":{"line":15,"column":93}}],"line":15},"4":{"loc":{"start":{"line":23,"column":23},"end":{"line":23,"column":57}},"type":"cond-expr","locations":[{"start":{"line":23,"column":39},"end":{"line":23,"column":41}},{"start":{"line":23,"column":44},"end":{"line":23,"column":57}}],"line":23},"5":{"loc":{"start":{"line":30,"column":4},"end":{"line":30,"column":59}},"type":"if","locations":[{"start":{"line":30,"column":4},"end":{"line":30,"column":59}},{"start":{},"end":{}}],"line":30},"6":{"loc":{"start":{"line":32,"column":4},"end":{"line":32,"column":23}},"type":"if","locations":[{"start":{"line":32,"column":4},"end":{"line":32,"column":23}},{"start":{},"end":{}}],"line":32},"7":{"loc":{"start":{"line":35,"column":4},"end":{"line":42,"column":5}},"type":"if","locations":[{"start":{"line":35,"column":4},"end":{"line":42,"column":5}},{"start":{},"end":{}}],"line":35},"8":{"loc":{"start":{"line":48,"column":18},"end":{"line":48,"column":112}},"type":"cond-expr","locations":[{"start":{"line":48,"column":55},"end":{"line":48,"column":58}},{"start":{"line":48,"column":61},"end":{"line":48,"column":112}}],"line":48},"9":{"loc":{"start":{"line":50,"column":32},"end":{"line":50,"column":126}},"type":"cond-expr","locations":[{"start":{"line":50,"column":69},"end":{"line":50,"column":72}},{"start":{"line":50,"column":75},"end":{"line":50,"column":126}}],"line":50},"10":{"loc":{"start":{"line":51,"column":8},"end":{"line":51,"column":79}},"type":"if","locations":[{"start":{"line":51,"column":8},"end":{"line":51,"column":79}},{"start":{},"end":{}}],"line":51},"11":{"loc":{"start":{"line":52,"column":8},"end":{"line":52,"column":78}},"type":"if","locations":[{"start":{"line":52,"column":8},"end":{"line":52,"column":78}},{"start":{},"end":{}}],"line":52},"12":{"loc":{"start":{"line":53,"column":18},"end":{"line":53,"column":42}},"type":"binary-expr","locations":[{"start":{"line":53,"column":18},"end":{"line":53,"column":35}},{"start":{"line":53,"column":39},"end":{"line":53,"column":42}}],"line":53},"13":{"loc":{"start":{"line":57,"column":18},"end":{"line":57,"column":43}},"type":"binary-expr","locations":[{"start":{"line":57,"column":18},"end":{"line":57,"column":36}},{"start":{"line":57,"column":40},"end":{"line":57,"column":43}}],"line":57}},"s":{"0":1,"1":1,"2":0,"3":0,"4":1,"5":1,"6":1,"7":1,"8":10,"9":10,"10":10,"11":10,"12":2,"13":2,"14":2,"15":2,"16":2,"17":1,"18":1,"19":1,"20":0,"21":0,"22":0,"23":0,"24":0,"25":0,"26":1,"27":1,"28":1,"29":1,"30":1,"31":1,"32":1,"33":1,"34":1,"35":1,"36":0,"37":1,"38":1,"39":1,"40":1,"41":1,"42":1},"f":{"0":1,"1":0,"2":1,"3":10,"4":2},"b":{"0":[0,0],"1":[1,1],"2":[1,0],"3":[1,1],"4":[0,10],"5":[2,0],"6":[1,1],"7":[0,1],"8":[0,1],"9":[0,1],"10":[1,0],"11":[0,1],"12":[1,0],"13":[1,0]},"_coverageSchema":"1a1c01bbd47fc00a2c39e90264f33305004495a9","hash":"b652a011c5ca6539cdfe2e8f64a93e446a2be426"}
,"E:\\Ongoing Pro Projects\\Product Price barCode Sync\\app\\static\\js\\components\\retries.js": {"path":"E:\\Ongoing Pro Projects\\Product Price barCode Sync\\app\\static\\js\\components\\retries.js","statementMap":{"0":{"start":{"line":5,"column":4},"end":{"line":5,"column":80}},"1":{"start":{"line":6,"column":4},"end":{"line":6,"column":84}},"2":{"start":{"line":10,"column":4},"end":{"line":14,"column":5}},"3":{"start":{"line":11,"column":8},"end":{"line":11,"column":35}},"4":{"start":{"line":18,"column":17},"end":{"line":18,"column":45}},"5":{"start":{"line":19,"column":4},"end":{"line":19,"column":58}},"6":{"start":{"line":20,"column":4},"end":{"line":20,"column":26}},"7":{"start":{"line":21,"column":4},"end":{"line":21,"column":16}},"8":{"start":{"line":25,"column":18},"end":{"line":25,"column":59}},"9":{"start":{"line":26,"column":4},"end":{"line":26,"column":23}},"10":{"start":{"line":26,"column":16},"end":{"line":26,"column":23}},"11":{"start":{"line":27,"column":18},"end":{"line":27,"column":55}},"12":{"start":{"line":28,"column":4},"end":{"line":28,"column":58}},"13":{"start":{"line":28,"column":15},"end":{"line":28,"column":58}},"14":{"start":{"line":29,"column":4},"end":{"line":29,"column":28}},"15":{"start":{"line":31,"column":4},"end":{"line":38,"column":5}},"16":{"start":{"line":32,"column":20},"end":{"line":32,"column":48}},"17":{"start":{"line":33,"column":21},"end":{"line":33,"column":45}},"18":{"start":{"line":34,"column":8},"end":{"line":34,"column":25}},"19":{"start":{"line":35,"column":8},"end":{"line":35,"column":40}},"20":{"start":{"line":36,"column":8},"end":{"line":36,"column":31}},"21":{"start":{"line":37,"column":8},"end":{"line":37,"column":15}},"22":{"start":{"line":40,"column":4},"end":{"line":49,"column":5}},"23":{"start":{"line":41,"column":20},"end":{"line":41,"column":48}},"24":{"start":{"line":42,"column":8},"end":{"line":42,"column":37}},"25":{"start":{"line":43,"column":8},"end":{"line":43,"column":32}},"26":{"start":{"line":44,"column":8},"end":{"line":44,"column":107}},"27":{"start":{"line":45,"column":8},"end":{"line":45,"column":51}},"28":{"start":{"line":46,"column":22},"end":{"line":46,"column":63}},"29":{"start":{"line":47,"column":8},"end":{"line":47,"column":53}},"30":{"start":{"line":48,"column":8},"end":{"line":48,"column":31}},"31":{"start":{"line":53,"column":4},"end":{"line":58,"column":5}},"32":{"start":{"line":54,"column":21},"end":{"line":54,"column":43}},"33":{"start":{"line":55,"column":8},"end":{"line":55,"column":40}},"34":{"start":{"line":57,"column":8},"end":{"line":57,"column":73}},"35":{"start":{"line":62,"column":4},"end":{"line":62,"column":58}},"36":{"start":{"line":62,"column":51},"end":{"line":62,"column":58}},"37":{"start":{"line":63,"column":4},"end":{"line":69,"column":5}},"38":{"start":{"line":64,"column":21},"end":{"line":64,"column":41}},"39":{"start":{"line":65,"column":8},"end":{"line":65,"column":40}},"40":{"start":{"line":66,"column":8},"end":{"line":66,"column":24}},"41":{"start":{"line":68,"column":8},"end":{"line":68,"column":71}}},"fnMap":{"0":{"name":"init","decl":{"start":{"line":4,"column":16},"end":{"line":4,"column":20}},"loc":{"start":{"line":4,"column":23},"end":{"line":7,"column":1}},"line":4},"1":{"name":"refresh","decl":{"start":{"line":9,"column":22},"end":{"line":9,"column":29}},"loc":{"start":{"line":9,"column":32},"end":{"line":15,"column":1}},"line":9},"2":{"name":"cell","decl":{"start":{"line":17,"column":9},"end":{"line":17,"column":13}},"loc":{"start":{"line":17,"column":26},"end":{"line":22,"column":1}},"line":17},"3":{"name":"render","decl":{"start":{"line":24,"column":9},"end":{"line":24,"column":15}},"loc":{"start":{"line":24,"column":22},"end":{"line":50,"column":1}},"line":24},"4":{"name":"retryAll","decl":{"start":{"line":52,"column":15},"end":{"line":52,"column":23}},"loc":{"start":{"line":52,"column":26},"end":{"line":59,"column":1}},"line":52},"5":{"name":"clearAll","decl":{"start":{"line":61,"column":15},"end":{"line":61,"column":23}},"loc":{"start":{"line":61,"column":26},"end":{"line":70,"column":1}},"line":61}},"branchMap":{"0":{"loc":{"start":{"line":19,"column":23},"end":{"line":19,"column":57}},"type":"cond-expr","locations":[{"start":{"line":19,"column":39},"end":{"line":19,"column":41}},{"start":{"line":19,"column":44},"end":{"line":19,"column":57}}],"line":19},"1":{"loc":{"start":{"line":26,"column":4},"end":{"line":26,"column":23}},"type":"if","locations":[{"start":{"line":26,"column":4},"end":{"line":26,"column":23}},{"start":{},"end":{}}],"line":26},"2":{"loc":{"start":{"line":28,"column":4},"end":{"line":28,"column":58}},"type":"if","locations":[{"start":{"line":28,"column":4},"end":{"line":28,"column":58}},{"start":{},"end":{}}],"line":28},"3":{"loc":{"start":{"line":31,"column":4},"end":{"line":38,"column":5}},"type":"if","locations":[{"start":{"line":31,"column":4},"end":{"line":38,"column":5}},{"start":{},"end":{}}],"line":31},"4":{"loc":{"start":{"line":44,"column":59},"end":{"line":44,"column":103}},"type":"cond-expr","locations":[{"start":{"line":44,"column":86},"end":{"line":44,"column":98}},{"start":{"line":44,"column":101},"end":{"line":44,"column":103}}],"line":44},"5":{"loc":{"start":{"line":47,"column":29},"end":{"line":47,"column":51}},"type":"binary-expr","locations":[{"start":{"line":47,"column":29},"end":{"line":47,"column":45}},{"start":{"line":47,"column":49},"end":{"line":47,"column":51}}],"line":47},"6":{"loc":{"start":{"line":57,"column":18},"end":{"line":57,"column":62}},"type":"binary-expr","locations":[{"start":{"line":57,"column":18},"end":{"line":57,"column":31}},{"start":{"line":57,"column":35},"end":{"line":57,"column":62}}],"line":57},"7":{"loc":{"start":{"line":62,"column":4},"end":{"line":62,"column":58}},"type":"if","locations":[{"start":{"line":62,"column":4},"end":{"line":62,"column":58}},{"start":{},"end":{}}],"line":62},"8":{"loc":{"start":{"line":68,"column":18},"end":{"line":68,"column":60}},"type":"binary-expr","locations":[{"start":{"line":68,"column":18},"end":{"line":68,"column":31}},{"start":{"line":68,"column":35},"end":{"line":68,"column":60}}],"line":68}},"s":{"0":1,"1":1,"2":1,"3":1,"4":0,"5":0,"6":0,"7":0,"8":1,"9":1,"10":1,"11":0,"12":0,"13":0,"14":0,"15":0,"16":0,"17":0,"18":0,"19":0,"20":0,"21":0,"22":0,"23":0,"24":0,"25":0,"26":0,"27":0,"28":0,"29":0,"30":0,"31":0,"32":0,"33":0,"34":0,"35":0,"36":0,"37":0,"38":0,"39":0,"40":0,"41":0},"f":{"0":1,"1":1,"2":0,"3":1,"4":0,"5":0},"b":{"0":[0,0],"1":[1,0],"2":[0,0],"3":[0,0],"4":[0,0],"5":[0,0],"6":[0,0],"7":[0,0],"8":[0,0]},"_coverageSchema":"1a1c01bbd47fc00a2c39e90264f33305004495a9","hash":"412f9778ad3fa351f5e8f547dcb727d08b526e72"}
,"E:\\Ongoing Pro Projects\\Product Price barCode Sync\\app\\static\\js\\components\\schedule.js": {"path":"E:\\Ongoing Pro Projects\\Product Price barCode Sync\\app\\static\\js\\components\\schedule.js","statementMap":{"0":{"start":{"line":12,"column":17},"end":{"line":12,"column":59}},"1":{"start":{"line":13,"column":4},"end":{"line":22,"column":7}},"2":{"start":{"line":14,"column":8},"end":{"line":21,"column":11}},"3":{"start":{"line":15,"column":25},"end":{"line":15,"column":81}},"4":{"start":{"line":16,"column":12},"end":{"line":16,"column":60}},"5":{"start":{"line":16,"column":30},"end":{"line":16,"column":58}},"6":{"start":{"line":17,"column":12},"end":{"line":17,"column":40}},"7":{"start":{"line":18,"column":12},"end":{"line":18,"column":99}},"8":{"start":{"line":18,"column":69},"end":{"line":18,"column":97}},"9":{"start":{"line":19,"column":25},"end":{"line":19,"column":126}},"10":{"start":{"line":20,"column":12},"end":{"line":20,"column":51}},"11":{"start":{"line":20,"column":22},"end":{"line":20,"column":51}},"12":{"start":{"line":25,"column":4},"end":{"line":27,"column":7}},"13":{"start":{"line":26,"column":8},"end":{"line":26,"column":74}},"14":{"start":{"line":26,"column":43},"end":{"line":26,"column":72}},"15":{"start":{"line":30,"column":22},"end":{"line":30,"column":63}},"16":{"start":{"line":31,"column":4},"end":{"line":31,"column":68}},"17":{"start":{"line":31,"column":19},"end":{"line":31,"column":68}},"18":{"start":{"line":34,"column":20},"end":{"line":34,"column":59}},"19":{"start":{"line":35,"column":4},"end":{"line":35,"column":62}},"20":{"start":{"line":35,"column":17},"end":{"line":35,"column":62}},"21":{"start":{"line":37,"column":4},"end":{"line":37,"column":82}},"22":{"start":{"line":38,"column":4},"end":{"line":38,"column":84}},"23":{"start":{"line":42,"column":4},"end":{"line":49,"column":5}},"24":{"start":{"line":43,"column":21},"end":{"line":43,"column":42}},"25":{"start":{"line":44,"column":8},"end":{"line":44,"column":66}},"26":{"start":{"line":45,"column":8},"end"
[...]
line":91,"column":8},"end":{"line":91,"column":107}},"51":{"start":{"line":91,"column":22},"end":{"line":91,"column":107}},"52":{"start":{"line":93,"column":8},"end":{"line":93,"column":68}},"53":{"start":{"line":94,"column":8},"end":{"line":94,"column":48}},"54":{"start":{"line":94,"column":22},"end":{"line":94,"column":48}},"55":{"start":{"line":99,"column":17},"end":{"line":99,"column":71}},"56":{"start":{"line":100,"column":4},"end":{"line":103,"column":5}},"57":{"start":{"line":101,"column":8},"end":{"line":101,"column":54}},"58":{"start":{"line":102,"column":8},"end":{"line":102,"column":15}},"59":{"start":{"line":105,"column":21},"end":{"line":105,"column":58}},"60":{"start":{"line":106,"column":4},"end":{"line":106,"column":55}},"61":{"start":{"line":106,"column":18},"end":{"line":106,"column":55}},"62":{"start":{"line":108,"column":4},"end":{"line":118,"column":5}},"63":{"start":{"line":109,"column":21},"end":{"line":112,"column":10}},"64":{"start":{"line":113,"column":8},"end":{"line":113,"column":43}},"65":{"start":{"line":114,"column":8},"end":{"line":114,"column":107}},"66":{"start":{"line":114,"column":22},"end":{"line":114,"column":107}},"67":{"start":{"line":116,"column":8},"end":{"line":116,"column":67}},"68":{"start":{"line":117,"column":8},"end":{"line":117,"column":48}},"69":{"start":{"line":117,"column":22},"end":{"line":117,"column":48}}},"fnMap":{"0":{"name":"init","decl":{"start":{"line":10,"column":16},"end":{"line":10,"column":20}},"loc":{"start":{"line":10,"column":23},"end":{"line":39,"column":1}},"line":10},"1":{"name":"(anonymous_1)","decl":{"start":{"line":13,"column":17},"end":{"line":13,"column":18}},"loc":{"start":{"line":13,"column":24},"end":{"line":22,"column":5}},"line":13},"2":{"name":"(anonymous_2)","decl":{"start":{"line":14,"column":38},"end":{"line":14,"column":39}},"loc":{"start":{"line":14,"column":44},"end":{"line":21,"column":9}},"line":14},"3":{"name":"(anonymous_3)","decl":{"start":{"line":16,"column":25},"end":{"line":16,"column":26}},"loc":{"start":{"line":16,"column":30},"end":{"line":16,"column":58}},"line":16},"4":{"name":"(anonymous_4)","decl":{"start":{"line":18,"column":64},"end":{"line":18,"column":65}},"loc":{"start":{"line":18,"column":69},"end":{"line":18,"column":97}},"line":18},"5":{"name":"(anonymous_5)","decl":{"start":{"line":25,"column":52},"end":{"line":25,"column":53}},"loc":{"start":{"line":25,"column":58},"end":{"line":27,"column":5}},"line":25},"6":{"name":"(anonymous_6)","decl":{"start":{"line":26,"column":37},"end":{"line":26,"column":38}},"loc":{"start":{"line":26,"column":43},"end":{"line":26,"column":72}},"line":26},"7":{"name":"pause","decl":{"start":{"line":41,"column":15},"end":{"line":41,"column":20}},"loc":{"start":{"line":41,"column":23},"end":{"line":50,"column":1}},"line":41},"8":{"name":"resume","decl":{"start":{"line":52,"column":15},"end":{"line":52,"column":21}},"loc":{"start":{"line":52,"column":24},"end":{"line":61,"column":1}},"line":52},"9":{"name":"getSelectedDays","decl":{"start":{"line":63,"column":9},"end":{"line":63,"column":24}},"loc":{"start":{"line":63,"column":27},"end":{"line":66,"column":1}},"line":63},"10":{"name":"(anonymous_10)","decl":{"start":{"line":65,"column":13},"end":{"line":65,"column":14}},"loc":{"start":{"line":65,"column":19},"end":{"line":65,"column":33}},"line":65},"11":{"name":"applyVisual","decl":{"start":{"line":68,"column":15},"end":{"line":68,"column":26}},"loc":{"start":{"line":68,"column":29},"end":{"line":96,"column":1}},"line":68},"12":{"name":"applyCron","decl":{"start":{"line":98,"column":15},"end":{"line":98,"column":24}},"loc":{"start":{"line":98,"column":27},"end":{"line":119,"column":1}},"line":98}},"branchMap":{"0":{"loc":{"start":{"line":15,"column":25},"end":{"line":15,"column":81}},"type":"binary-expr","locations":[{"start":{"line":15,"column":25},"end":{"line":15,"column":41}},{"start":{"line":15,"column":45},"end":{"line":15,"column":81}}],"line":15},"1":{"loc":{"start":{"line":19,"column":25},"end":{"line":19,"column":126}},"type":"cond-expr","locations":[{"start":{"line":19,"column":43},"end":{"line":19,"column":82}},{"start":{"line":19,"column":85},"end":{"line":19,"column":126}}],"line":19},"2":{"loc":{"start":{"line":20,"column":12},"end":{"line":20,"column":51}},"type":"if","locations":[{"start":{"line":20,"column":12},"end":{"line":20,"column":51}},{"start":{},"end":{}}],"line":20},"3":{"loc":{"start":{"line":31,"column":4},"end":{"line":31,"column":68}},"type":"if","locations":[{"start":{"line":31,"column":4},"end":{"line":31,"column":68}},{"start":{},"end":{}}],"line":31},"4":{"loc":{"start":{"line":35,"column":4},"end":{"line":35,"column":62}},"type":"if","locations":[{"start":{"line":35,"column":4},"end":{"line":35,"column":62}},{"start":{},"end":{}}],"line":35},"5":{"loc":{"start":{"line":48,"column":18},"end":{"line":48,"column":61}},"type":"binary-expr","locations":[{"start":{"line":48,"column":18},"end":{"line":48,"column":31}},{"start":{"line":48,"column":35},"end":{"line":48,"column":61}}],"line":48},"6":{"loc":{"start":{"line":59,"column":18},"end":{"line":59,"column":62}},"type":"binary-expr","locations":[{"start":{"line":59,"column":18},"end":{"line":59,"column":31}},{"start":{"line":59,"column":35},"end":{"line":59,"column":62}}],"line":59},"7":{"loc":{"start":{"line":74,"column":4},"end":{"line":77,"column":5}},"type":"if","locations":[{"start":{"line":74,"column":4},"end":{"line":77,"column":5}},{"start":{},"end":{}}],"line":74},"8":{"loc":{"start":{"line":80,"column":4},"end":{"line":80,"column":55}},"type":"if","locations":[{"start":{"line":80,"column":4},"end":{"line":80,"column":55}},{"start":{},"end":{}}],"line":80},"9":{"loc":{"start":{"line":91,"column":8},"end":{"line":91,"column":107}},"type":"if","locations":[{"start":{"line":91,"column":8},"end":{"line":91,"column":107}},{"start":{},"end":{}}],"line":91},"10":{"loc":{"start":{"line":91,"column":45},"end":{"line":91,"column":106}},"type":"cond-expr","locations":[{"start":{"line":91,"column":61},"end":{"line":91,"column":101}},{"start":{"line":91,"column":104},"end":{"line":91,"column":106}}],"line":91},"11":{"loc":{"start":{"line":93,"column":18},"end":{"line":93,"column":57}},"type":"binary-expr","locations":[{"start":{"line":93,"column":18},"end":{"line":93,"column":27}},{"start":{"line":93,"column":31},"end":{"line":93,"column":57}}],"line":93},"12":{"loc":{"start":{"line":94,"column":8},"end":{"line":94,"column":48}},"type":"if","locations":[{"start":{"line":94,"column":8},"end":{"line":94,"column":48}},{"start":{},"end":{}}],"line":94},"13":{"loc":{"start":{"line":100,"column":4},"end":{"line":103,"column":5}},"type":"if","locations":[{"start":{"line":100,"column":4},"end":{"line":103,"column":5}},{"start":{},"end":{}}],"line":100},"14":{"loc":{"start":{"line":106,"column":4},"end":{"line":106,"column":55}},"type":"if","locations":[{"start":{"line":106,"column":4},"end":{"line":106,"column":55}},{"start":{},"end":{}}],"line":106},"15":{"loc":{"start":{"line":114,"column":8},"end":{"line":114,"column":107}},"type":"if","locations":[{"start":{"line":114,"column":8},"end":{"line":114,"column":107}},{"start":{},"end":{}}],"line":114},"16":{"loc":{"start":{"line":114,"column":45},"end":{"line":114,"column":106}},"type":"cond-expr","locations":[{"start":{"line":114,"column":61},"end":{"line":114,"column":101}},{"start":{"line":114,"column":104},"end":{"line":114,"column":106}}],"line":114},"17":{"loc":{"start":{"line":116,"column":18},"end":{"line":116,"column":56}},"type":"binary-expr","locations":[{"start":{"line":116,"column":18},"end":{"line":116,"column":27}},{"start":{"line":116,"column":31},"end":{"line":116,"column":56}}],"line":116},"18":{"loc":{"start":{"line":117,"column":8},"end":{"line":117,"column":48}},"type":"if","locations":[{"start":{"line":117,"column":8},"end":{"line":117,"column":48}},{"start":{},"end":{}}],"line":117}},"s":{"0":1,"1":1,"2":0,"3":0,"4":0,"5":0,"6":0,"7":0,"8":0,"9":0,"10":0,"11":0,"12":1,"13":0,"14":0,"15":1,"16":1,"17":1,"18":1,"19":1,"20":1,"21":1,"22":1,"23":0,"24":0,"25":0,"26":0,"27":0,"28":0,"29":0,"30":0,"31":0,"32":0,"33":0,"34":0,"35":0,"36":0,"37":0,"38":0,"39":0,"40":0,"41":0,"42":0,"43":0,"44":0,"45":0,"46":0,"47":0,"48":0,"49":0,"50":0,"51":0,"52":0,"53":0,"54":0,"55":0,"56":0,"57":0,"58":0,"59":0,"60":0,"61":0,"62":0,"63":0,"64":0,"65":0,"66":0,"67":0,"68":0,"69":0},"f":{"0":1,"1":0,"2":0,"3":0,"4":0,"5":0,"6":0,"7":0,"8":0,"9":0,"10":0,"11":0,"12":0},"b":{"0":[0,0],"1":[0,0],"2":[0,0],"3":[1,0],"4":[1,0],"5":[0,0],"6":[0,0],"7":[0,0],"8":[0,0],"9":[0,0],"10":[0,0],"11":[0,0],"12":[0,0],"13":[0,0],"14":[0,0],"15":[0,0],"16":[0,0],"17":[0,0],"18":[0,0]},"_coverageSchema":"1a1c01bbd47fc00a2c39e90264f33305004495a9","hash":"bcc37b6ed9263ed21755afe6393b1f9e9cc1c3a6"}
,"E:\\Ongoing Pro Projects\\Product Price barCode Sync\\app\\static\\js\\components\\status-cards.js": {"path":"E:\\Ongoing Pro Projects\\Product Price barCode Sync\\app\\static\\js\\components\\status-cards.js","statementMap":{"0":{"start":{"line":12,"column":11},"end":{"line":30,"column":1}},"1":{"start":{"line":32,"column":12},"end":{"line":32,"column":18}},"2":{"start":{"line":39,"column":4},"end":{"line":45,"column":5}},"3":{"start":{"line":40,"column":21},"end":{"line":40,"column":38}},"4":{"start":{"line":41,"column":8},"end":{"line":41,"column":21}},"5":{"start":{"line":43,"column":19},"end":{"line":43,"column":53}},"6":{"start":{"line":44,"column":8},"end":{"line":44,"column":51}},"7":{"start":{"line":44,"column":16},"end":{"line":44,"column":51}},"8":{"start":{"line":49,"column":17},"end":{"line":49,"column":34}},"9":{"start":{"line":50,"column":4},"end":{"line":50,"column":23}},"10":{"start":{"line":53,"column":16},"end":{"line":53,"column":54}},"11":{"start":{"line":54,"column":17},"end":{"line":54,"column":62}},"12":{"start":{"line":55,"column":4},"end":{"line":55,"column":51}},"13":{"start":{"line":58,"column":20},"end":{"line":58,"column":129}},"14":{"start":{"line":59,"column":4},"end":{"line":59,"column":128}},"15":{"start":{"line":59,"column":17},"end":{"line":59,"column":128}},"16":{"start":{"line":61,"column":4},"end":{"line":61,"column":85}},"17":{"start":{"line":64,"column":4},"end":{"line":64,"column":49}},"18":{"start":{"line":65,"column":4},"end":{"line":65,"column":90}},"19":{"start":{"line":66,"column":4},"end":{"line":66,"column":45}},"20":{"start":{"line":67,"column":4},"end":{"line":67,"column":41}},"21":{"start":{"line":68,"column":4},"end":{"line":68,"column":50}},"22":{"start":{"line":69,"column":4},"end":{"line":69,"column":56}},"23":{"start":{"line":72,"column":4},"end":{"line":75,"column":5}},"24":{"start":{"line":73,"column":8},"end":{"line":73,"column":57}},"25":{"start":{"line":74,"column":8},"end":{"line":74,"column":63}},"26":{"start":{"line":78,"column":4},"end":{"line":78,"column":49}},"27":{"start":{"line":81,"column":23},"end":{"line":81,"column":66}},"28":{"start":{"line":82,"column":24},"end":{"line":82,"column":77}},"29":{"start":{"line":83,"column":4},"end":{"line":83,"column":65}},"30":{"start":{"line":84,"column":4},"end":{"line":89,"column":5}},"31":{"start":{"line":85,"column":21},"end":{"line":85,"column":73}},"32":{"start":{"line":86,"column":20},"end":{"line":86,"column":65}},"33":{"start":{"line":87,"column":8},"end":{"line":87,"column":54}},"34":{"start":{"line":88,"column":8},"end":{"line":88,"column":94}},"35":{"start":{"line":92,"column":16},"end":{"line":92,"column":56}},"36":{"start":{"line":93,"column":4},"end":{"line":93,"column":40}},"37":{"start":{"line":93,"column":13},"end":{"line":93,"column":40}},"38":{"start":{"line":94,"column":20},"end":{"line":94,"column":59}},"39":{"start":{"line":95,"column":4},"end":{"line":95,"column":78}},"40":{"start":{"line":95,"column":17},"end":{"line":95,"column":78}},"41":{"start":{"line":98,"column":4},"end":{"line":104,"column":5}},"42":{"start":{"line":99,"column":8},"end":{"line":99,"column":123}},"43":{"start":{"line":100,"column":22},"end":{"line":100,"column":65}},"44":{"start":{"line":101,"column":23},"end":{"line":101,"column":67}},"45":{"start":{"line":102,"column":8},"end":{"line":102,"column":66}},"46":{"start":{"line":102,"column":19},"end":{"line":102,"column":66}},"47":{"start":{"line":103,"column":8},"end":{"line":103,"column":68}},"48":{"start":{"line":103,"column":20},"end":{"line":103,"column":68}},"49":{"start":{"line":109,"column":15},"end":{"line":109,"column":42}},"50":{"start":{"line":110,"column":4},"end":{"line":110,"column":41}},"51":{"start":{"line":110,"column":12},"end":{"line":110,"column":41}},"52":{"start":{"line":111,"column":4},"end":{"line":111,"column":14}},"53":{"start":{"line":116,"column":15},"end":{"line":116,"column":42}},"54":{"start":{"line":117,"column":4},"end":{"line":117,"column":33}},"55":{"start":{"line":117,"column":12},"end":{"line":117,"column":33}}},"fnMap":{"0":{"name":"init","decl":{"start":{"line":35,"column":16},"end":{"line":35,"column":20}},"loc":{"start":{"line":35,"column":23},"end":{"line":35,"column":25}},"line":35},"1":{"name":"refresh","decl":{"start":{"line":38,"column":22},"end":{"line":38,"column":29}},"loc":{"start":{"line":38,"column":32},"end":{"line":46,"column":1}},"line":38},"2":{"name":"render","decl":{"start":{"line":48,"column":9},"end":{"line":48,"column":15}},"loc":{"start":{"line":48,"column":22},"end":{"line":105,"column":1}},"line":48},"3":{"name":"setText","decl":{"start":{"line":108,"column":9},"end":{"line":108,"column":16}},"loc":{"start":{"line":108,"column":26},"end":{"line":112,"column":1}},"line":108},"4":{"name":"setStyle","decl":{"start":{"line":115,"column":9},"end":{"line":115,"column":17}},"loc":{"start":{"line":115,"column":33},"end":{"line":118,"column":1}},"line":115}},"branchMap":{"0":{"loc":{"start":{"line":44,"column":8},"end":{"line":44,"column":51}},"type":"if","locations":[{"start":{"line":44,"column":8},"end":{"line":44,"column":51}},{"start":{},"end":{}}],"line":44},"1":{"loc":{"start":{"line":58,"column":42},"end":{"line":58,"column":128}},"type":"cond-expr","locations":[{"start":{"line":58,"column":70},"end":{"line":58,"column":80}},{"start":{"line":58,"column":83},"end":{"line":58,"column":128}}],"line":58},"2":{"loc":{"start":{"line":58,"column":83},"end":{"line":58,"column":128}},"type":"cond-expr","locations":[{"start":{"line":58,"column":110},"end":{"line":58,"column":119}},{"start":{"line":58,"column":122},"end":{"line":58,"column":128}}],"line":58},"3":{"loc":{"start":{"line":59,"column":4},"end":{"line":59,"column":128}},"type":"if","locations":[{"start":{"line":59,"column":4},"end":{"line":59,"column":128}},{"start":{},"end":{}}],"line":59},"4":{"loc":{"start":{"line":59,"column":39},"end":{"line":59,"column":127}},"type":"cond-expr","locations":[{"start":{"line":59,"column":67},"end":{"line":59,"column":76}},{"start":{"line":59,"column":79},"end":{"line":59,"column":127}}],"line":59},"5":{"loc":{"start":{"line":59,"column":79},"end":{"line":59,"column":127}},"type":"cond-expr","locations":[{"start":{"line":59,"column":106},"end":{"line":59,"column":115}},{"start":{"line":59,"column":118},"end":{"line":59,"column":127}}],"line":59},"6":{"loc":{"start":{"line":61,"column":28},"end":{"line":61,"column":83}},"type":"cond-expr","locations":[{"start":{"line":61,"column":52},"end":{"line":61,"column":78}},{"start":{"line":61,"column":81},"end":{"line":61,"column":83}}],"line":61},"7":{"loc":{"start":{"line":65,"column":27},"end":{"line":65,"column":88}},"type":"cond-expr","locations":[{"start":{"line":65,"column":50},"end":{"line":65,"column":83}},{"start":{"line":65,"column":86},"end":{"line":65,"column":88}}],"line":65},"8":{"loc":{"start":{"line":72,"column":4},"end":{"line":75,"column":5}},"type":"if","locations":[{"start":{"line":72,"column":4},"end":{"line":75,"column":5}},{"start":{},"end":{}}],"line":72},"9":{"loc":{"start":{"line":82,"column":24},"end":{"line":82,"column":77}},"type":"binary-expr","locations":[{"start":{"line":82,"column":24},"end":{"line":82,"column":48}},{"start":{"line":82,"column":52},"end":{"line":82,"column":77}}],"line":82},"10":{"loc":{"start":{"line":83,"column":26},"end":{"line":83,"column":63}},"type":"binary-expr","locations":[{"start":{"line":83,"column":26},"end":{"line":83,"column":37}},{"start":{"line":83,"column":41},"end":{"line":83,"column":63}}],"line":83},"11":{"loc":{"start":{"line":84,"column":4},"end":{"line":89,"column":5}},"type":"if","locations":[{"start":{"line":84,"column":4},"end":{"line":89,"column":5}},{"start":{},"end":{}}],"line":84},"12":{"loc":{"start":{"line":84,"column":8},"end":{"line":84,"column":45}},"type":"binary-expr","locations":[{"start":{"line":84,"column":8},"end":{"line":84,"column":19}},{"start":{"line":84,"column":23},"end":{"line":84,"column":45}}],"line":84},"13":{"loc":{"start":{"line":85,"column":53},"end":{"line":85,"column":72}},"type":"binary-expr","locations":[{"start":{"line":85,"column":53},"end":{"line":85,"column":67}},{"start":{"line":85,"column":71},"end":{"line":85,"column":72}}],"line":85},"14":{"loc":{"start":{"line":93,"column":4},"end":{"line":93,"column":40}},"type":"if","locations":[{"start":{"line":93,"column":4},"end":{"line":93,"column":40}},{"start":{},"end":{}}],"line":93},"15":{"loc":{"start":{"line":95,"column":4},"end":{"line":95,"column":78}},"type":"if","locations":[{"start":{"line":95,"column":4},"end":{"line":95,"column":78}},{"start":{},"end":{}}],"line":95},"16":{"loc":{"start":{"line":95,"column":36},"end":{"line":95,"column":77}},"type":"binary-expr","locations":[{"start":{"line":95,"column":36},"end":{"line":95,"column":48}},{"start":{"line":95,"column":52},"end":{"line":95,"column":77}}],"line":95},"17":{"loc":{"start":{"line":98,"column":4},"end":{"line":104,"column":5}},"type":"if","locations":[{"start":{"line":98,"column":4},"end":{"line":104,"column":5}},{"start":{},"end":{}}],"line":98},"18":{"loc":{"start":{"line":98,"column":8},"end":{"line":98,"column":50}},"type":"binary-expr","locations":[{"start":{"line":98,"column":8},"end":{"line":98,"column":21}},{"start":{"line":98,"column":25},"end":{"line":98,"column":50}}],"line":98},"19":{"loc":{"start":{"line":99,"column":36},"end":{"line":99,"column":89}},"type":"cond-expr","locations":[{"start":{"line":99,"column":70},"end":{"line":99,"column":78}},{"start":{"line":99,"column":81},"end":{"line":99,"column":89}}],"line":99},"20":{"loc":{"start":{"line":102,"column":8},"end":{"line":102,"column":66}},"type":"if","locations":[{"start":{"line":102,"column":8},"end":{"line":102,"column":66}},{"start":{},"end":{}}],"line":102},"21":{"loc":{"start":{"line":103,"column":8},"end":{"line":103,"column":68}},"type":"if","locations":[{"start":{"line":103,"column":8},"end":{"line":103,"column":68}},{"start":{},"end":{}}],"line":103},"22":{"loc":{"start":{"line":110,"column":4},"end":{"line":110,"column":41}},"type":"if","locations":[{"start":{"line":110,"column":4},"end":{"line":110,"column":41}},{"start":{},"end":{}}],"line":110},"23":{"loc":{"start":{"line":117,"column":4},"end":{"line":117,"column":33}},"type":"if","locations":[{"start":{"line":117,"column":4},"end":{"line":117,"column":33}},{"start":{},"end":{}}],"line":117}},"s":{"0":1,"1":1,"2":1,"3":1,"4":1,"5":0,"6":0,"7":0,"8":1,"9":1,"10":1,"11":1,"12":1,"13":1,"14":1,"15":1,"16":1,"17":1,"18":1,"19":1,"20":1,"21":1,"22":1,"23":1,"24":0,"25":0,"26":1,"27":1,"28":1,"29":1,"30":1,"31":0,"32":0,"33":0,"34":0,"35":1,"36":1,"37":1,"38":1,"39":1,"40":1,"41":1,"42":1,"43":1,"44":1,"45":1,"46":1,"47":1,"48":1,"49":10,"50":10,"51":10,"52":10,"53":0,"54":0,"55":0},"f":{"0":1,"1":1,"2":1,"3":10,"4":0},"b":{"0":[0,0],"1":[0,1],"2":[0,1],"3":[1,0],"4":[0,1],"5":[0,1],"6":[0,1],"7":[0,1],"8":[0,1],"9":[1,1],"10":[1,0],"11":[0,1],"12":[1,0],"13":[0,0],"14":[1,0],"15":[1,0],"16":[1,0],"17":[1,0],"18":[1,1],"19":[0,1],"20":[1,0],"21":[1,0],"22":[10,0],"23":[0,0]},"_coverageSchema":"1a1c01bbd47fc00a2c39e90264f33305004495a9","hash":"8f0581333e9d6ff8c10b2a52ed2a3ccc199116b7"}
}
