TN:
SF:app\static\js\api.js
FN:11,setApiKey
FN:17,hasApiKey
FN:21,getAuthHeaders
FN:26,fetchJSON
FN:50,getStatus
FN:54,getHealth
FN:60,getOutlets
FN:66,getRetries
FN:70,processRetries
FN:74,clearRetries
FN:80,startSync
FN:84,stopSync
FN:88,syncOutlet
FN:94,getSettings
FN:98,applySchedule
FN:105,pauseSchedule
FN:109,resumeSchedule
FN:115,getLogs
FN:120,(anonymous_18)
FN:126,openLogStream
FN:132,(anonymous_20)
FN:141,getPriceChanges
FN:152,triggerCleanup
FNF:23
FNH:16
FNDA:1,setApiKey
FNDA:0,hasApiKey
FNDA:22,getAuthHeaders
FNDA:19,fetchJSON
FNDA:4,getStatus
FNDA:0,getHealth
FNDA:0,getOutlets
FNDA:1,getRetries
FNDA:1,processRetries
FNDA:1,clearRetries
FNDA:1,startSync
FNDA:1,stopSync
FNDA:2,syncOutlet
FNDA:0,getSettings
FNDA:1,applySchedule
FNDA:1,pauseSchedule
FNDA:1,resumeSchedule
FNDA:3,getLogs
FNDA:0,(anonymous_18)
FNDA:0,openLogStream
FNDA:0,(anonymous_20)
FNDA:3,getPriceChanges
FNDA:2,triggerCleanup
DA:8,1
DA:9,1
DA:12,1
DA:13,1
DA:14,0
DA:18,0
DA:22,22
DA:23,22
DA:27,19
DA:28,19
DA:37,18
DA:38,18
DA:40,1
DA:42,18
DA:43,2
DA:45,16
DA:51,4
DA:55,0
DA:61,0
DA:67,1
DA:71,1
DA:75,1
DA:81,1
DA:85,1
DA:89,2
DA:95,0
DA:99,1
DA:106,1
DA:110,1
DA:116,3
DA:119,3
DA:120,1
DA:121,1
DA:123,2
DA:127,0
DA:131,0
DA:132,0
DA:133,0
DA:135,0
DA:136,0
DA:142,3
DA:143,3
DA:144,3
DA:145,3
DA:146,3
DA:147,3
DA:153,2
LF:47
LH:36
BRDA:12,0,0,1
BRDA:12,0,1,0
BRDA:13,1,0,1
BRDA:13,1,1,0
BRDA:23,2,0,1
BRDA:23,2,1,21
BRDA:26,3,0,8
BRDA:27,4,0,19
BRDA:42,5,0,2
BRDA:42,5,1,16
BRDA:43,6,0,2
BRDA:43,6,1,1
BRDA:119,7,0,1
BRDA:119,7,1,2
BRDA:121,8,0,1
BRDA:121,8,1,0
BRDA:131,9,0,0
BRDA:131,9,1,0
BRDA:133,10,0,0
BRDA:133,10,1,0
BRDA:135,11,0,0
BRDA:135,11,1,0
BRDA:141,12,0,1
BRDA:143,13,0,3
BRDA:143,13,1,1
BRDA:144,14,0,3
BRDA:144,14,1,2
BRDA:145,15,0,1
BRDA:145,15,1,2
BRDA:152,16,0,1
BRF:30
BRH:21
end_of_record
TN:
SF:app\static\js\app.js
FN:35,handleStartSync
FN:44,handleStopSync
FN:53,connectApi
FN:67,startPolling
FN:78,(anonymous_4)
FN:88,(anonymous_5)
FN:101,(anonymous_6)
FNF:7
FNH:3
FNDA:1,handleStartSync
FNDA:0,handleStopSync
FNDA:0,connectApi
FNDA:1,startPolling
FNDA:0,(anonymous_4)
FNDA:1,(anonymous_5)
FNDA:0,(anonymous_6)
DA:33,1
DA:36,1
DA:37,1
DA:38,1
DA:40,0
DA:45,0
DA:46,0
DA:47,0
DA:49,0
DA:54,0
DA:55,0
DA:56,0
DA:57,0
DA:58,0
DA:59,0
DA:60,0
DA:61,0
DA:62,0
DA:69,1
DA:70,1
DA:71,1
DA:72,1
DA:75,1
DA:78,1
DA:79,0
DA:80,0
DA:81,0
DA:82,0
DA:88,1
DA:90,1
DA:91,1
DA:92,1
DA:93,1
DA:94,1
DA:95,1
DA:96,1
DA:98,1
DA:99,1
DA:100,1
DA:101,1
DA:102,0
DA:104,1
DA:105,1
DA:108,1
LF:44
LH:25
BRDA:40,0,0,0
BRDA:40,0,1,0
BRDA:47,1,0,0
BRDA:47,1,1,0
BRDA:49,2,0,0
BRDA:49,2,1,0
BRDA:56,3,0,0
BRDA:56,3,1,0
BRDA:57,4,0,0
BRDA:57,4,1,0
BRDA:57,5,0,0
BRDA:57,5,1,0
BRDA:102,6,0,0
BRDA:102,6,1,0
BRDA:105,7,0,0
BRDA:105,7,1,1
BRDA:105,8,0,1
BRDA:105,8,1,1
BRF:18
BRH:3
end_of_record
TN:
SF:app\static\js\utils.js
FN:6,showToast
FN:11,(anonymous_1)
FN:15,formatDuration
FN:22,formatTime
FN:29,formatDateTime
FN:36,truncate
FN:45,setNextRunTimestamp
FN:49,startCountdown
FN:51,(anonymous_8)
FN:57,updateCountdown
FNF:10
FNH:9
FNDA:5,showToast
FNDA:1,(anonymous_1)
FNDA:15,formatDuration
FNDA:9,formatTime
FNDA:3,formatDateTime
FNDA:12,truncate
FNDA:1,setNextRunTimestamp
FNDA:1,startCountdown
FNDA:0,(anonymous_8)
FNDA:1,updateCountdown
DA:7,5
DA:8,5
DA:9,4
DA:10,4
DA:11,4
DA:16,15
DA:17,13
DA:18,7
DA:23,9
DA:24,3
DA:25,3
DA:30,3
DA:31,1
DA:32,1
DA:37,12
DA:38,9
DA:42,3
DA:43,3
DA:46,1
DA:50,1
DA:51,1
DA:52,0
DA:54,1
DA:58,1
DA:59,1
DA:60,1
DA:62,1
DA:63,1
DA:64,1
DA:65,1
DA:68,0
DA:69,0
DA:71,0
DA:72,0
DA:73,0
DA:74,0
DA:77,0
DA:78,0
DA:79,0
DA:81,0
DA:82,0
DA:83,0
DA:84,0
DA:86,0
DA:87,0
LF:45
LH:29
BRDA:6,0,0,2
BRDA:8,1,0,1
BRDA:8,1,1,4
BRDA:16,2,0,2
BRDA:16,2,1,13
BRDA:17,3,0,6
BRDA:17,3,1,7
BRDA:23,4,0,6
BRDA:23,4,1,3
BRDA:30,5,0,2
BRDA:30,5,1,1
BRDA:36,6,0,5
BRDA:37,7,0,3
BRDA:37,7,1,9
BRDA:38,8,0,5
BRDA:38,8,1,4
BRDA:46,9,0,0
BRDA:46,9,1,1
BRDA:49,10,0,1
BRDA:49,11,0,1
BRDA:50,12,0,0
BRDA:50,12,1,1
BRDA:59,13,0,1
BRDA:59,13,1,0
BRDA:60,14,0,0
BRDA:60,14,1,1
BRDA:62,15,0,1
BRDA:62,15,1,0
BRDA:64,16,0,1
BRDA:64,16,1,0
BRDA:71,17,0,0
BRDA:71,17,1,0
BRDA:73,18,0,0
BRDA:73,18,1,0
BRDA:82,19,0,0
BRDA:82,19,1,0
BRDA:83,20,0,0
BRDA:83,20,1,0
BRDA:83,21,0,0
BRDA:83,21,1,0
BRDA:87,22,0,0
BRDA:87,22,1,0
BRF:42
BRH:24
end_of_record
TN:
SF:app\static\js\components\cleanup.js
FN:4,init
FN:9,toggleCleanup
FN:14,triggerNow
FNF:3
FNH:1
FNDA:1,init
FNDA:0,toggleCleanup
FNDA:0,triggerNow
DA:5,1
DA:6,1
DA:10,0
DA:11,0
DA:15,0
DA:16,0
DA:17,0
DA:18,0
DA:19,0
DA:21,0
DA:22,0
DA:23,0
DA:24,0
DA:26,0
DA:27,0
DA:31,0
DA:32,0
DA:33,0
DA:34,0
DA:35,0
DA:36,0
DA:37,0
DA:38,0
DA:40,0
DA:41,0
DA:42,0
DA:44,0
DA:45,0
LF:28
LH:2
BRDA:19,0,0,0
BRDA:19,0,1,0
BRDA:19,1,0,0
BRDA:19,1,1,0
BRDA:41,2,0,0
BRDA:41,2,1,0
BRDA:42,3,0,0
BRDA:42,3,1,0
BRF:8
BRH:0
end_of_record
TN:
SF:app\static\js\components\logs.js
FN:8,init
FN:26,appendToLiveLog
FN:35,handleEventBlock
FN:51,consumeStream
FN:75,connectLiveLogs
FN:90,clearLive
FN:96,loadArchivedLog
FN:111,setStatus
FNF:8
FNH:2
FNDA:1,init
FNDA:0,appendToLiveLog
FNDA:0,handleEventBlock
FNDA:0,consumeStream
FNDA:0,connectLiveLogs
FNDA:0,clearLive
FNDA:0,loadArchivedLog
FNDA:1,setStatus
DA:3,1
DA:4,1
DA:5,1
DA:6,1
DA:9,1
DA:10,1
DA:11,1
DA:13,1
DA:14,1
DA:16,1
DA:17,0
DA:18,0
DA:20,1
DA:21,1
DA:22,1
DA:27,0
DA:28,0
DA:29,0
DA:30,0
DA:31,0
DA:32,0
DA:36,0
DA:37,0
DA:38,0
DA:39,0
DA:40,0
DA:42,0
DA:43,0
DA:44,0
DA:45,0
DA:46,0
DA:47,0
DA:52,0
DA:53,0
DA:54,0
DA:55,0
DA:56,0
DA:57,0
DA:58,0
DA:59,0
DA:61,0
DA:62,0
DA:63,0
DA:65,0
DA:67,0
DA:69,0
DA:70,0
DA:71,0
DA:76,0
DA:77,0
DA:79,0
DA:80,0
DA:81,0
DA:84,0
DA:85,0
DA:86,0
DA:87,0
DA:91,0
DA:92,0
DA:93,0
DA:97,0
DA:98,0
DA:99,0
DA:100,0
DA:101,0
DA:102,0
DA:103,0
DA:104,0
DA:107,0
DA:112,1
DA:113,1
DA:114,1
DA:115,1
LF:73
LH:17
BRDA:14,0,0,1
BRDA:14,0,1,0
BRDA:16,1,0,0
BRDA:16,1,1,1
BRDA:22,2,0,1
BRDA:22,2,1,0
BRDA:28,3,0,0
BRDA:28,3,1,0
BRDA:30,4,0,0
BRDA:30,4,1,0
BRDA:39,5,0,0
BRDA:39,5,1,0
BRDA:40,6,0,0
BRDA:40,6,1,0
BRDA:42,7,0,0
BRDA:42,7,1,0
BRDA:45,8,0,0
BRDA:45,8,1,0
BRDA:59,9,0,0
BRDA:59,9,1,0
BRDA:65,10,0,0
BRDA:65,10,1,0
BRDA:67,11,0,0
BRDA:67,11,1,0
BRDA:69,12,0,0
BRDA:69,12,1,0
BRDA:70,13,0,0
BRDA:70,13,1,0
BRDA:76,14,0,0
BRDA:76,14,1,0
BRDA:77,15,0,0
BRDA:77,15,1,0
BRDA:79,16,0,0
BRDA:79,16,1,0
BRDA:93,17,0,0
BRDA:93,17,1,0
BRDA:100,18,0,0
BRDA:100,18,1,0
BRDA:102,19,0,0
BRDA:102,19,1,0
BRDA:103,20,0,0
BRDA:103,20,1,0
BRDA:107,21,0,0
BRDA:107,21,1,0
BRDA:107,22,0,0
BRDA:107,22,1,0
BRDA:113,23,0,0
BRDA:113,23,1,1
BRF:48
BRH:4
end_of_record
TN:
SF:app\static\js\components\outlets.js
FN:6,init
FN:10,(anonymous_1)
FN:17,refresh
FN:26,appendCell
FN:34,appendEmptyState
FN:52,render
FN:61,(anonymous_6)
FN:64,(anonymous_7)
FN:105,(anonymous_8)
FN:112,retryOutlet
FNF:10
FNH:5
FNDA:2,init
FNDA:0,(anonymous_1)
FNDA:2,refresh
FNDA:7,appendCell
FNDA:0,appendEmptyState
FNDA:2,render
FNDA:1,(anonymous_6)
FNDA:0,(anonymous_7)
FNDA:0,(anonymous_8)
FNDA:0,retryOutlet
DA:4,2
DA:7,2
DA:8,2
DA:9,2
DA:10,2
DA:11,0
DA:12,0
DA:13,0
DA:18,2
DA:19,2
DA:20,2
DA:27,7
DA:28,7
DA:29,7
DA:30,7
DA:31,7
DA:35,0
DA:36,0
DA:37,0
DA:38,0
DA:39,0
DA:40,0
DA:41,0
DA:42,0
DA:43,0
DA:44,0
DA:45,0
DA:46,0
DA:47,0
DA:49,0
DA:53,2
DA:54,2
DA:55,1
DA:56,1
DA:57,1
DA:58,1
DA:60,1
DA:61,1
DA:65,0
DA:66,0
DA:69,1
DA:70,1
DA:71,1
DA:72,1
DA:76,1
DA:77,1
DA:78,0
DA:83,0
DA:86,1
DA:87,1
DA:88,1
DA:89,1
DA:90,1
DA:91,1
DA:92,1
DA:93,1
DA:94,1
DA:95,1
DA:96,1
DA:97,1
DA:98,1
DA:99,1
DA:100,1
DA:101,1
DA:102,1
DA:103,1
DA:104,1
DA:105,1
DA:106,1
DA:108,1
DA:113,0
DA:114,0
DA:115,0
DA:116,0
DA:118,0
LF:75
LH:49
BRDA:11,0,0,0
BRDA:11,0,1,0
BRDA:26,1,0,7
BRDA:28,2,0,0
BRDA:28,2,1,7
BRDA:29,3,0,0
BRDA:29,3,1,7
BRDA:34,4,0,0
BRDA:43,5,0,0
BRDA:43,5,1,0
BRDA:54,6,0,1
BRDA:54,6,1,1
BRDA:56,7,0,1
BRDA:56,7,1,1
BRDA:61,8,0,1
BRDA:61,8,1,0
BRDA:61,8,2,0
BRDA:62,9,0,0
BRDA:62,9,1,0
BRDA:63,10,0,0
BRDA:63,10,1,0
BRDA:65,11,0,0
BRDA:65,11,1,0
BRDA:65,12,0,0
BRDA:65,12,1,0
BRDA:70,13,0,1
BRDA:70,13,1,0
BRDA:72,14,0,1
BRDA:72,14,1,0
BRDA:72,15,0,0
BRDA:72,15,1,1
BRDA:73,16,0,0
BRDA:73,16,1,0
BRDA:77,17,0,0
BRDA:77,17,1,1
BRDA:80,18,0,0
BRDA:80,18,1,0
BRDA:81,19,0,0
BRDA:81,19,1,0
BRDA:93,20,0,0
BRDA:93,20,1,1
BRDA:94,21,0,0
BRDA:94,21,1,1
BRDA:97,22,0,1
BRDA:97,22,1,0
BRDA:100,23,0,1
BRDA:100,23,1,0
BRDA:118,24,0,0
BRDA:118,24,1,0
BRF:49
BRH:16
end_of_record
TN:
SF:app\static\js\components\price-changes.js
FN:4,init
FN:6,(anonymous_1)
FN:11,refresh
FN:21,cell
FN:28,render
FNF:5
FNH:4
FNDA:1,init
FNDA:0,(anonymous_1)
FNDA:1,refresh
FNDA:10,cell
FNDA:2,render
DA:5,1
DA:6,1
DA:7,0
DA:12,1
DA:13,1
DA:14,1
DA:15,1
DA:22,10
DA:23,10
DA:24,10
DA:25,10
DA:29,2
DA:30,2
DA:31,2
DA:32,2
DA:33,1
DA:35,1
DA:36,0
DA:37,0
DA:38,0
DA:39,0
DA:40,0
DA:41,0
DA:44,1
DA:45,1
DA:46,1
DA:47,1
DA:48,1
DA:49,1
DA:50,1
DA:51,1
DA:52,1
DA:53,1
DA:54,1
DA:55,1
DA:56,1
DA:57,1
DA:58,1
LF:38
LH:31
BRDA:7,0,0,0
BRDA:7,0,1,0
BRDA:13,1,0,1
BRDA:13,1,1,1
BRDA:14,2,0,1
BRDA:14,2,1,0
BRDA:15,3,0,1
BRDA:15,3,1,1
BRDA:23,4,0,0
BRDA:23,4,1,10
BRDA:30,5,0,2
BRDA:30,5,1,0
BRDA:32,6,0,1
BRDA:32,6,1,1
BRDA:35,7,0,0
BRDA:35,7,1,1
BRDA:48,8,0,0
BRDA:48,8,1,1
BRDA:50,9,0,0
BRDA:50,9,1,1
BRDA:51,10,0,1
BRDA:51,10,1,0
BRDA:52,11,0,0
BRDA:52,11,1,1
BRDA:53,12,0,1
BRDA:53,12,1,0
BRDA:57,13,0,1
BRDA:57,13,1,0
BRF:28
BRH:16
end_of_record
TN:
SF:app\static\js\components\retries.js
FN:4,init
FN:9,refresh
FN:17,cell
FN:24,render
FN:52,retryAll
FN:61,clearAll
FNF:6
FNH:3
FNDA:1,init
FNDA:1,refresh
FNDA:0,cell
FNDA:1,render
FNDA:0,retryAll
FNDA:0,clearAll
DA:5,1
DA:6,1
DA:10,1
DA:11,1
DA:18,0
DA:19,0
DA:20,0
DA:21,0
DA:25,1
DA:26,1
DA:27,0
DA:28,0
DA:29,0
DA:31,0
DA:32,0
DA:33,0
DA:34,0
DA:35,0
DA:36,0
DA:37,0
DA:40,0
DA:41,0
DA:42,0
DA:43,0
DA:44,0
DA:45,0
DA:46,0
DA:47,0
DA:48,0
DA:53,0
DA:54,0
DA:55,0
DA:57,0
DA:62,0
DA:63,0
DA:64,0
DA:65,0
DA:66,0
DA:68,0
LF:39
LH:6
BRDA:19,0,0,0
BRDA:19,0,1,0
BRDA:26,1,0,1
BRDA:26,1,1,0
BRDA:28,2,0,0
BRDA:28,2,1,0
BRDA:31,3,0,0
BRDA:31,3,1,0
BRDA:44,4,0,0
BRDA:44,4,1,0
BRDA:47,5,0,0
BRDA:47,5,1,0
BRDA:57,6,0,0
BRDA:57,6,1,0
BRDA:62,7,0,0
BRDA:62,7,1,0
BRDA:68,8,0,0
BRDA:68,8,1,0
BRF:18
BRH:1
end_of_record
TN:
SF:app\static\js\components\schedule.js
FN:10,init
FN:13,(anonymous_1)
FN:14,(anonymous_2)
FN:16,(anonymous_3)
FN:18,(anonymous_4)
FN:25,(anonymous_5)
FN:26,(anonymous_6)
FN:41,pause
FN:52,resume
FN:63,getSelectedDays
FN:65,(anonymous_10)
FN:68,applyVisual
FN:98,applyCron
FNF:13
FNH:1
FNDA:1,init
FNDA:0,(anonymous_1)
FNDA:0,(anonymous_2)
FNDA:0,(anonymous_3)
FNDA:0,(anonymous_4)
FNDA:0,(anonymous_5)
FNDA:0,(anonymous_6)
FNDA:0,pause
FNDA:0,resume
FNDA:0,getSelectedDays
FNDA:0,(anonymous_10)
FNDA:0,applyVisual
FNDA:0,applyCron
DA:12,1
DA:13,1
DA:14,0
DA:15,0
DA:16,0
DA:17,0
DA:18,0
DA:19,0
DA:20,0
DA:25,1
DA:26,0
DA:30,1
DA:31,1
DA:34,1
DA:35,1
DA:37,1
DA:38,1
DA:42,0
DA:43,0
DA:44,0
DA:45,0
DA:46,0
DA:48,0
DA:53,0
DA:54,0
DA:55,0
DA:56,0
DA:57,0
DA:59,0
DA:64,0
DA:65,0
DA:69,0
DA:70,0
DA:71,0
DA:72,0
DA:74,0
DA:75,0
DA:76,0
DA:79,0
DA:80,0
DA:82,0
DA:83,0
DA:90,0
DA:91,0
DA:93,0
DA:94,0
DA:99,0
DA:100,0
DA:101,0
DA:102,0
DA:105,0
DA:106,0
DA:108,0
DA:109,0
DA:113,0
DA:114,0
DA:116,0
DA:117,0
LF:58
LH:9
BRDA:15,0,0,0
BRDA:15,0,1,0
BRDA:19,1,0,0
BRDA:19,1,1,0
BRDA:20,2,0,0
BRDA:20,2,1,0
BRDA:31,3,0,1
BRDA:31,3,1,0
BRDA:35,4,0,1
BRDA:35,4,1,0
BRDA:48,5,0,0
BRDA:48,5,1,0
BRDA:59,6,0,0
BRDA:59,6,1,0
BRDA:74,7,0,0
BRDA:74,7,1,0
BRDA:80,8,0,0
BRDA:80,8,1,0
BRDA:91,9,0,0
BRDA:91,9,1,0
BRDA:91,10,0,0
BRDA:91,10,1,0
BRDA:93,11,0,0
BRDA:93,11,1,0
BRDA:94,12,0,0
BRDA:94,12,1,0
BRDA:100,13,0,0
BRDA:100,13,1,0
BRDA:106,14,0,0
BRDA:106,14,1,0
BRDA:114,15,0,0
BRDA:114,15,1,0
BRDA:114,16,0,0
BRDA:114,16,1,0
BRDA:116,17,0,0
BRDA:116,17,1,0
BRDA:117,18,0,0
BRDA:117,18,1,0
BRF:38
BRH:2
end_of_record
TN:
SF:app\static\js\components\status-cards.js
FN:35,init
FN:38,refresh
FN:48,render
FN:108,setText
FN:115,setStyle
FNF:5
FNH:4
FNDA:1,init
FNDA:1,refresh
FNDA:1,render
FNDA:10,setText
FNDA:0,setStyle
DA:12,1
DA:32,1
DA:39,1
DA:40,1
DA:41,1
DA:43,0
DA:44,0
DA:49,1
DA:50,1
DA:53,1
DA:54,1
DA:55,1
DA:58,1
DA:59,1
DA:61,1
DA:64,1
DA:65,1
DA:66,1
DA:67,1
DA:68,1
DA:69,1
DA:72,1
DA:73,0
DA:74,0
DA:78,1
DA:81,1
DA:82,1
DA:83,1
DA:84,1
DA:85,0
DA:86,0
DA:87,0
DA:88,0
DA:92,1
DA:93,1
DA:94,1
DA:95,1
DA:98,1
DA:99,1
DA:100,1
DA:101,1
DA:102,1
DA:103,1
DA:109,10
DA:110,10
DA:111,10
DA:116,0
DA:117,0
LF:48
LH:38
BRDA:44,0,0,0
BRDA:44,0,1,0
BRDA:58,1,0,0
BRDA:58,1,1,1
BRDA:58,2,0,0
BRDA:58,2,1,1
BRDA:59,3,0,1
BRDA:59,3,1,0
BRDA:59,4,0,0
BRDA:59,4,1,1
BRDA:59,5,0,0
BRDA:59,5,1,1
BRDA:61,6,0,0
BRDA:61,6,1,1
BRDA:65,7,0,0
BRDA:65,7,1,1
BRDA:72,8,0,0
BRDA:72,8,1,1
BRDA:82,9,0,1
BRDA:82,9,1,1
BRDA:83,10,0,1
BRDA:83,10,1,0
BRDA:84,11,0,0
BRDA:84,11,1,1
BRDA:84,12,0,1
BRDA:84,12,1,0
BRDA:85,13,0,0
BRDA:85,13,1,0
BRDA:93,14,0,1
BRDA:93,14,1,0
BRDA:95,15,0,1
BRDA:95,15,1,0
BRDA:95,16,0,1
BRDA:95,16,1,0
BRDA:98,17,0,1
BRDA:98,17,1,0
BRDA:98,18,0,1
BRDA:98,18,1,1
BRDA:99,19,0,0
BRDA:99,19,1,1
BRDA:102,20,0,1
BRDA:102,20,1,0
BRDA:103,21,0,1
BRDA:103,21,1,0
BRDA:110,22,0,10
BRDA:110,22,1,0
BRDA:117,23,0,0
BRDA:117,23,1,0
BRF:48
BRH:23
end_of_record
